[2023-05-31 21:04:02,939][root][INFO] - Model saved as :2305312104
[2023-05-31 21:04:02,939][root][INFO] - {'_target_': 'model_set.models.UNetFlood', 'classes': 1, 'in_channels': 1, 'dropout': True, 'prob': 0.01}
[2023-05-31 21:04:02,939][root][INFO] - {'_partial_': True, '_target_': 'torch.nn.init.kaiming_normal_'}
[2023-05-31 21:04:02,939][root][INFO] - Parameter of weights initialization: {"mode:'fan_out'": None, "nonlinearity :'relu'": None}
[2023-05-31 21:04:02,939][root][INFO] - {'_partial_': True, '_target_': 'torch.nn.functional.binary_cross_entropy_with_logits'}
[2023-05-31 21:04:02,939][root][INFO] - {'_target_': 'torch.optim.Adam', 'maximize': False, 'lr': 0.001, 'weight_decay': 0.9}
[2023-05-31 21:26:37,798][scr.models_trainer][INFO] - Epoch_0: trainLoss = 0.49508153999865967: valLoss = 0.4987414847814756: valMetric = 0.0; test_loss = 0.49871288133519037; testMetric = 0.0
[2023-05-31 21:49:09,332][scr.models_trainer][INFO] - Epoch_1: trainLoss = 0.4987056879048733: valLoss = 0.4987165846272177: valMetric = 0.0; test_loss = 0.49868798522012575; testMetric = 0.0
[2023-05-31 22:11:41,669][scr.models_trainer][INFO] - Epoch_2: trainLoss = 0.49870349122847807: valLoss = 0.4987138439583808: valMetric = 0.0; test_loss = 0.4986852380846228; testMetric = 0.0
[2023-05-31 22:34:13,963][scr.models_trainer][INFO] - Epoch_3: trainLoss = 0.4987043925201211: valLoss = 0.49868135126549956: valMetric = 0.0; test_loss = 0.4986527455704553; testMetric = 0.0
[2023-05-31 22:56:46,601][scr.models_trainer][INFO] - Epoch_4: trainLoss = 0.49870360439209427: valLoss = 0.49872760073993877: valMetric = 0.0; test_loss = 0.49869900037135395; testMetric = 0.0
[2023-05-31 23:19:20,562][scr.models_trainer][INFO] - Epoch_5: trainLoss = 0.4987046420283231: valLoss = 0.498662167137588: valMetric = 0.0; test_loss = 0.4986335496817316; testMetric = 0.0
[2023-05-31 23:41:52,766][scr.models_trainer][INFO] - Epoch_6: trainLoss = 0.4987048505157274: valLoss = 0.4986714342565194: valMetric = 0.0; test_loss = 0.49864282618675915; testMetric = 0.0
[2023-06-01 00:04:24,568][scr.models_trainer][INFO] - Epoch_7: trainLoss = 0.4987034954307302: valLoss = 0.49872152483300797: valMetric = 0.0; test_loss = 0.49869292442287716; testMetric = 0.0
[2023-06-01 00:26:57,056][scr.models_trainer][INFO] - Epoch_8: trainLoss = 0.49870434655097406: valLoss = 0.49871687733255504: valMetric = 0.0; test_loss = 0.4986882784536907; testMetric = 0.0
[2023-06-01 00:49:30,133][scr.models_trainer][INFO] - Epoch_9: trainLoss = 0.49870289898525555: valLoss = 0.4986620182736951: valMetric = 0.0; test_loss = 0.4986334097172533; testMetric = 0.0
[2023-06-01 01:12:02,162][scr.models_trainer][INFO] - Epoch_10: trainLoss = 0.4987037776383562: valLoss = 0.4987614486814284: valMetric = 0.0; test_loss = 0.4987328542130334; testMetric = 0.0
[2023-06-01 01:34:34,563][scr.models_trainer][INFO] - Epoch_11: trainLoss = 0.4987037216685972: valLoss = 0.4987890266131291: valMetric = 0.0; test_loss = 0.4987604410520622; testMetric = 0.0
[2023-06-01 01:57:07,664][scr.models_trainer][INFO] - Epoch_12: trainLoss = 0.49870381086565957: valLoss = 0.4986343668886868: valMetric = 0.0; test_loss = 0.4986057552908148; testMetric = 0.0
[2023-06-01 02:19:40,777][scr.models_trainer][INFO] - Epoch_13: trainLoss = 0.4987029284924643: valLoss = 0.49862799805484004: valMetric = 0.0; test_loss = 0.49859938291566713; testMetric = 0.0
[2023-06-01 02:42:13,646][scr.models_trainer][INFO] - Epoch_14: trainLoss = 0.49870282137244315: valLoss = 0.4986918375468461: valMetric = 0.0; test_loss = 0.49866323119827677; testMetric = 0.0
[2023-06-01 03:04:45,705][scr.models_trainer][INFO] - Epoch_15: trainLoss = 0.49870442496807504: valLoss = 0.49869112151558365: valMetric = 0.0; test_loss = 0.49866251700690817; testMetric = 0.0
[2023-06-01 03:27:18,421][scr.models_trainer][INFO] - Epoch_16: trainLoss = 0.4987039717441656: valLoss = 0.49867893905001504: valMetric = 0.0; test_loss = 0.49865033105015755; testMetric = 0.0
[2023-06-01 03:49:50,910][scr.models_trainer][INFO] - Epoch_17: trainLoss = 0.4987039150345442: valLoss = 0.4986916743911332: valMetric = 0.0; test_loss = 0.49866306834987234; testMetric = 0.0
[2023-06-01 04:12:23,552][scr.models_trainer][INFO] - Epoch_18: trainLoss = 0.49870463294838263: valLoss = 0.4987220573602556: valMetric = 0.0; test_loss = 0.49869345873594284; testMetric = 0.0
[2023-06-01 04:34:54,891][scr.models_trainer][INFO] - Epoch_19: trainLoss = 0.49870290459657146: valLoss = 0.4987228986942192: valMetric = 0.0; test_loss = 0.49869429639407564; testMetric = 0.0
[2023-06-01 04:57:24,382][scr.models_trainer][INFO] - Epoch_20: trainLoss = 0.4987033728130858: valLoss = 0.49871592365823864: valMetric = 0.0; test_loss = 0.4986873247793743; testMetric = 0.0
[2023-06-01 05:19:54,468][scr.models_trainer][INFO] - Epoch_21: trainLoss = 0.498702960703496: valLoss = 0.4986992225032461: valMetric = 0.0; test_loss = 0.4986706184489386; testMetric = 0.0
[2023-06-01 05:42:24,182][scr.models_trainer][INFO] - Epoch_22: trainLoss = 0.4987045955603924: valLoss = 0.49866044107718394: valMetric = 0.0; test_loss = 0.49863182806542944; testMetric = 0.0
[2023-06-01 06:04:54,554][scr.models_trainer][INFO] - Epoch_23: trainLoss = 0.49870354967968566: valLoss = 0.49873939669856054: valMetric = 0.0; test_loss = 0.49871080102665083; testMetric = 0.0
[2023-06-01 06:27:23,982][scr.models_trainer][INFO] - Epoch_24: trainLoss = 0.49870408523406945: valLoss = 0.4987917038366254: valMetric = 0.0; test_loss = 0.4987631158104965; testMetric = 0.0
[2023-06-01 06:49:54,114][scr.models_trainer][INFO] - Epoch_25: trainLoss = 0.49870410896993583: valLoss = 0.49869441605707376: valMetric = 0.0; test_loss = 0.4986658128244536; testMetric = 0.0
[2023-06-01 07:12:23,617][scr.models_trainer][INFO] - Epoch_26: trainLoss = 0.4987037885928919: valLoss = 0.49868209521566625: valMetric = 0.0; test_loss = 0.4986534895641463; testMetric = 0.0
[2023-06-01 07:34:53,519][scr.models_trainer][INFO] - Epoch_27: trainLoss = 0.4987038198416868: valLoss = 0.4987785380790668: valMetric = 0.0; test_loss = 0.4987499506345817; testMetric = 0.0
[2023-06-01 07:57:23,331][scr.models_trainer][INFO] - Epoch_28: trainLoss = 0.49870432261143766: valLoss = 0.4986566552589965: valMetric = 0.0; test_loss = 0.4986280458314078; testMetric = 0.0
[2023-06-01 08:19:53,677][scr.models_trainer][INFO] - Epoch_29: trainLoss = 0.49870387579897624: valLoss = 0.4987386647136386: valMetric = 0.0; test_loss = 0.49871006714446203; testMetric = 0.0
[2023-06-01 08:42:24,291][scr.models_trainer][INFO] - Epoch_30: trainLoss = 0.4987027206451657: valLoss = 0.49866881187372786: valMetric = 0.0; test_loss = 0.4986402009214674; testMetric = 0.0
[2023-06-01 09:04:55,520][scr.models_trainer][INFO] - Epoch_31: trainLoss = 0.49870460231683245: valLoss = 0.4987691305162295: valMetric = 0.0; test_loss = 0.4987405315041542; testMetric = 0.0
[2023-06-01 09:27:27,078][scr.models_trainer][INFO] - Epoch_32: trainLoss = 0.49870485195180864: valLoss = 0.498711936609748: valMetric = 0.0; test_loss = 0.49868333073598997; testMetric = 0.0
