[2023-05-18 19:23:24,703][root][INFO] - Model saved as :2305181923
[2023-05-18 19:23:24,703][root][INFO] - {'_target_': 'model_set.models.UNetFlood', 'classes': 1, 'in_channels': 1, 'dropout': True, 'prob': 0.1}
[2023-05-18 19:23:24,704][root][INFO] - {'_target_': 'torch.optim.Adam', 'maximize': True, 'lr': 1e-05, 'weight_decay': 0.9}
[2023-05-18 19:28:23,584][scr.models_trainer][INFO] - Epoch_0: trainLoss = 1.2189455072495357e+22: valLoss = 8.378213379677449e+22: valMetric = 16.45165298933724; test_loss = 1.1829348468722739e+23; testMetric = 9.368575559667924
[2023-05-18 19:33:17,525][scr.models_trainer][INFO] - Epoch_1: trainLoss = 3.2595380538213383e+23: valLoss = 1.0218465640706372e+24: valMetric = 16.45206213282258; test_loss = 1.2728046792972558e+24; testMetric = 9.366398988729479
[2023-05-18 19:38:11,190][scr.models_trainer][INFO] - Epoch_2: trainLoss = 8.279572713968463e+23: valLoss = 1.3555619530056017e+24: valMetric = 18.421180456017503; test_loss = 2.0315975176444806e+24; testMetric = 13.168141719403376
[2023-05-18 19:43:12,551][scr.models_trainer][INFO] - Epoch_3: trainLoss = 1.3338685255854773e+24: valLoss = 4.6395936838028e+24: valMetric = 16.4657613987476; test_loss = 5.940882394600103e+24; testMetric = 9.38469351997027
[2023-05-18 19:48:07,403][scr.models_trainer][INFO] - Epoch_4: trainLoss = 1.8821630880852903e+24: valLoss = 1.302982862970049e+24: valMetric = 18.117886876608278; test_loss = 2.2408669864154858e+24; testMetric = 9.354701061749921
[2023-05-18 19:53:01,156][scr.models_trainer][INFO] - Epoch_5: trainLoss = 2.4516468589752685e+24: valLoss = 1.26426960833291e+24: valMetric = 16.492443797309452; test_loss = 2.1460594625402568e+24; testMetric = 9.341640315335054
[2023-05-18 19:57:59,444][scr.models_trainer][INFO] - Epoch_6: trainLoss = 3.04429071965107e+24: valLoss = 4.94635954409108e+24: valMetric = 18.01800986501051; test_loss = 7.345226607418336e+24; testMetric = 9.380780906249887
[2023-05-18 20:03:34,695][scr.models_trainer][INFO] - Epoch_7: trainLoss = 3.503684208233256e+24: valLoss = 1.4246126152600488e+25: valMetric = 16.480133761028586; test_loss = 1.9242316488721788e+25; testMetric = 9.403416527777274
[2023-05-18 20:08:29,070][scr.models_trainer][INFO] - Epoch_8: trainLoss = 4.0127381877733223e+24: valLoss = 1.2653503789646516e+25: valMetric = 16.466243803675148; test_loss = 1.6487440940848465e+25; testMetric = 9.387179233490166
[2023-05-18 20:13:23,373][scr.models_trainer][INFO] - Epoch_9: trainLoss = 4.5206934892939203e+24: valLoss = 2.222504251924663e+24: valMetric = 16.38004701782845; test_loss = 3.635447193015428e+24; testMetric = 9.340451741795446
[2023-05-18 20:18:18,237][scr.models_trainer][INFO] - Epoch_10: trainLoss = 5.067325745499246e+24: valLoss = 3.2757740851953362e+25: valMetric = 18.292417840864868; test_loss = 4.939790339778495e+25; testMetric = 13.168141719403376
[2023-05-18 20:23:14,745][scr.models_trainer][INFO] - Epoch_11: trainLoss = 5.571689863258315e+24: valLoss = 2.040836261543279e+25: valMetric = 16.482311666480044; test_loss = 2.8491752412831744e+25; testMetric = 9.399155294656149
[2023-05-18 20:28:16,259][scr.models_trainer][INFO] - Epoch_12: trainLoss = 6.116402317999978e+24: valLoss = 3.353529399744993e+24: valMetric = 16.770595264990508; test_loss = 5.796219824885202e+24; testMetric = 9.343717170468882
[2023-05-18 20:33:10,773][scr.models_trainer][INFO] - Epoch_13: trainLoss = 6.954540825402766e+24: valLoss = 7.44119300064893e+24: valMetric = 16.47792885019836; test_loss = 1.1138804092923578e+25; testMetric = 9.367631699958006
[2023-05-18 20:38:04,742][scr.models_trainer][INFO] - Epoch_14: trainLoss = 7.720429051215322e+24: valLoss = 1.0523053444588047e+25: valMetric = 18.358902356089335; test_loss = 1.6187048909832974e+25; testMetric = 13.139425683867804
[2023-05-18 20:43:06,561][scr.models_trainer][INFO] - Epoch_15: trainLoss = 8.352509063538711e+24: valLoss = 4.795599937949505e+24: valMetric = 17.87854167045392; test_loss = 8.229861395107969e+24; testMetric = 9.35155280750876
[2023-05-18 20:48:01,112][scr.models_trainer][INFO] - Epoch_16: trainLoss = 8.965498457096807e+24: valLoss = 1.400555132570931e+25: valMetric = 18.33740885679227; test_loss = 2.2377930552452668e+25; testMetric = 13.168141719403376
[2023-05-18 20:52:55,014][scr.models_trainer][INFO] - Epoch_17: trainLoss = 9.605687486786961e+24: valLoss = 6.235521899805616e+24: valMetric = 16.444768402737726; test_loss = 1.0384456761884724e+25; testMetric = 9.346468575363359
[2023-05-18 20:57:54,556][scr.models_trainer][INFO] - Epoch_18: trainLoss = 1.0206398433270663e+25: valLoss = 8.714703454113949e+24: valMetric = 16.44886506380346; test_loss = 1.2266676417566359e+25; testMetric = 9.35283300565038
[2023-05-18 21:02:52,428][scr.models_trainer][INFO] - Epoch_19: trainLoss = 1.097391295377303e+25: valLoss = 7.836883394801383e+25: valMetric = 18.422958148939763; test_loss = 1.2203380624680617e+26; testMetric = 13.168141719403376
[2023-05-18 21:07:46,920][scr.models_trainer][INFO] - Epoch_20: trainLoss = 1.1681333883645438e+25: valLoss = 7.298195434184868e+24: valMetric = 16.503083180029243; test_loss = 1.156205138794492e+25; testMetric = 9.341884998601774
[2023-05-18 21:12:47,422][scr.models_trainer][INFO] - Epoch_21: trainLoss = 1.2170303643251535e+25: valLoss = 1.131543892388351e+25: valMetric = 17.141369951808002; test_loss = 1.848112830878273e+25; testMetric = 13.168141719403376
[2023-05-18 21:17:41,409][scr.models_trainer][INFO] - Epoch_22: trainLoss = 1.254942575011804e+25: valLoss = 4.316756331089845e+25: valMetric = 16.463119761640034; test_loss = 5.187857865337715e+25; testMetric = 9.382800895946703
[2023-05-18 21:22:36,520][scr.models_trainer][INFO] - Epoch_23: trainLoss = 1.2697770433393798e+25: valLoss = 7.795119584675354e+24: valMetric = 16.458627281757607; test_loss = 1.1928258435444451e+25; testMetric = 9.343542611964347
[2023-05-18 21:27:38,350][scr.models_trainer][INFO] - Epoch_24: trainLoss = 1.3636471991800274e+25: valLoss = 2.2288298409161944e+25: valMetric = 16.44879131149176; test_loss = 3.065920560652007e+25; testMetric = 9.357003022601715
[2023-05-18 21:32:36,271][scr.models_trainer][INFO] - Epoch_25: trainLoss = 1.3979563592467893e+25: valLoss = 1.7026370620783332e+25: valMetric = 17.807449863773197; test_loss = 2.551836113947225e+25; testMetric = 9.384680401691439
[2023-05-18 21:37:31,559][scr.models_trainer][INFO] - Epoch_26: trainLoss = 1.40140003537466e+25: valLoss = 1.508255608048425e+25: valMetric = 16.449491712437844; test_loss = 2.137472784353524e+25; testMetric = 9.357577301017894
[2023-05-18 21:42:34,280][scr.models_trainer][INFO] - Epoch_27: trainLoss = 1.4340904120731983e+25: valLoss = 2.6962416899897865e+25: valMetric = 16.460480643411525; test_loss = 3.8428414903970486e+25; testMetric = 9.365274855359853
[2023-05-18 21:47:30,805][scr.models_trainer][INFO] - Epoch_28: trainLoss = 1.440510691779399e+25: valLoss = 2.0817848259458908e+25: valMetric = 16.51069774454693; test_loss = 3.1005108866426358e+25; testMetric = 9.364842646855367
[2023-05-18 21:52:25,508][scr.models_trainer][INFO] - Epoch_29: trainLoss = 1.5065311679856933e+25: valLoss = 6.836941088983232e+25: valMetric = 17.97158545391048; test_loss = 8.210659354490859e+25; testMetric = 13.168141719403376
[2023-05-18 21:57:26,815][scr.models_trainer][INFO] - Epoch_30: trainLoss = 1.5304767823003812e+25: valLoss = 9.529586713077045e+24: valMetric = 16.490156202990995; test_loss = 1.4990579087956763e+25; testMetric = 9.34345883275802
[2023-05-18 22:02:21,737][scr.models_trainer][INFO] - Epoch_31: trainLoss = 1.5332108316401514e+25: valLoss = 1.284841294619152e+26: valMetric = 17.582751435441978; test_loss = 1.7897772391649454e+26; testMetric = 13.168141719403376
[2023-05-18 22:07:16,271][scr.models_trainer][INFO] - Epoch_32: trainLoss = 1.5833258089160072e+25: valLoss = 2.5765514698233284e+25: valMetric = 18.467410617898643; test_loss = 3.8338806908091782e+25; testMetric = 13.170070532056066
[2023-05-18 22:12:18,912][scr.models_trainer][INFO] - Epoch_33: trainLoss = 1.6012416160572124e+25: valLoss = 2.8035128719766787e+25: valMetric = 16.44937896202415; test_loss = 3.619010868212382e+25; testMetric = 9.357646004458259
[2023-05-18 22:17:18,540][scr.models_trainer][INFO] - Epoch_34: trainLoss = 1.6215886693232255e+25: valLoss = 1.5735918661348058e+25: valMetric = 17.213169605374755; test_loss = 2.591231722706776e+25; testMetric = 13.168141719403376
[2023-05-18 22:22:16,388][scr.models_trainer][INFO] - Epoch_35: trainLoss = 1.7043185047822629e+25: valLoss = 1.8635084109344011e+25: valMetric = 16.472024889394476; test_loss = 2.8724448873697683e+25; testMetric = 9.358946848729921
[2023-05-18 22:27:18,821][scr.models_trainer][INFO] - Epoch_36: trainLoss = 1.7364727231109443e+25: valLoss = 1.5751085185956757e+25: valMetric = 17.724725439238938; test_loss = 2.5233227986216993e+25; testMetric = 9.359000142989997
[2023-05-18 22:32:13,839][scr.models_trainer][INFO] - Epoch_37: trainLoss = 1.7666902383287799e+25: valLoss = 1.6992012100553456e+25: valMetric = 16.45219558447995; test_loss = 2.5542894436651026e+25; testMetric = 9.34773326435858
[2023-05-18 22:37:07,373][scr.models_trainer][INFO] - Epoch_38: trainLoss = 1.7856772616818881e+25: valLoss = 3.140759235748107e+25: valMetric = 16.45093949302932; test_loss = 4.403056471338052e+25; testMetric = 9.366609458031483
[2023-05-18 22:42:05,315][scr.models_trainer][INFO] - Epoch_39: trainLoss = 1.822839434181145e+25: valLoss = 3.315977186068988e+25: valMetric = 16.449272463057603; test_loss = 4.479609568519107e+25; testMetric = 9.361144806155588
[2023-05-18 22:46:59,628][scr.models_trainer][INFO] - Epoch_40: trainLoss = 1.8329935386106216e+25: valLoss = 2.2535367887848183e+25: valMetric = 16.45019936832134; test_loss = 3.22457270663485e+25; testMetric = 9.36311347916342
[2023-05-18 22:51:52,535][scr.models_trainer][INFO] - Epoch_41: trainLoss = 1.8852037440258342e+25: valLoss = 1.0689935980469766e+25: valMetric = 16.61218072134698; test_loss = 1.860683018750851e+25; testMetric = 9.343936018661951
[2023-05-18 22:56:49,981][scr.models_trainer][INFO] - Epoch_42: trainLoss = 1.9491229411584913e+25: valLoss = 2.6397096923144305e+25: valMetric = 17.88647265729882; test_loss = 3.860619232978499e+25; testMetric = 9.398932127435357
[2023-05-18 23:01:44,506][scr.models_trainer][INFO] - Epoch_43: trainLoss = 1.954727723413112e+25: valLoss = 1.4539453076633587e+26: valMetric = 18.36664483354421; test_loss = 2.1939309181505423e+26; testMetric = 13.168141719403376
[2023-05-18 23:06:37,416][scr.models_trainer][INFO] - Epoch_44: trainLoss = 1.9742159667492695e+25: valLoss = 9.567373426164387e+24: valMetric = 15.494351366395755; test_loss = 1.7429761944497198e+25; testMetric = 9.340349866359125
[2023-05-18 23:11:35,761][scr.models_trainer][INFO] - Epoch_45: trainLoss = 2.012762021199884e+25: valLoss = 6.088426761201748e+25: valMetric = 16.453329306281347; test_loss = 8.264023613140751e+25; testMetric = 9.373132400486288
[2023-05-18 23:16:29,797][scr.models_trainer][INFO] - Epoch_46: trainLoss = 2.062584528594502e+25: valLoss = 1.6327278996286312e+25: valMetric = 17.00996600758728; test_loss = 2.65070622792843e+25; testMetric = 13.168141719403376
[2023-05-18 23:21:21,754][scr.models_trainer][INFO] - Epoch_47: trainLoss = 2.1135920560388658e+25: valLoss = 2.0202815695983777e+25: valMetric = 17.805573854599693; test_loss = 3.2485345353354087e+25; testMetric = 9.362844139926407
[2023-05-18 23:26:20,476][scr.models_trainer][INFO] - Epoch_48: trainLoss = 2.130094308797972e+25: valLoss = 2.3318987655630836e+25: valMetric = 18.368938453096032; test_loss = 3.6949577567869133e+25; testMetric = 13.168141719403376
[2023-05-18 23:31:14,793][scr.models_trainer][INFO] - Epoch_49: trainLoss = 2.1915612796205173e+25: valLoss = 3.951029909873866e+25: valMetric = 16.45049234523337; test_loss = 5.618001324077621e+25; testMetric = 9.36279459213337
[2023-05-18 23:31:14,794][scr.models_trainer][INFO] - Train losses after 50 epochs : [1.2189455072495357e+22, 3.2595380538213383e+23, 8.279572713968463e+23, 1.3338685255854773e+24, 1.8821630880852903e+24, 2.4516468589752685e+24, 3.04429071965107e+24, 3.503684208233256e+24, 4.0127381877733223e+24, 4.5206934892939203e+24, 5.067325745499246e+24, 5.571689863258315e+24, 6.116402317999978e+24, 6.954540825402766e+24, 7.720429051215322e+24, 8.352509063538711e+24, 8.965498457096807e+24, 9.605687486786961e+24, 1.0206398433270663e+25, 1.097391295377303e+25, 1.1681333883645438e+25, 1.2170303643251535e+25, 1.254942575011804e+25, 1.2697770433393798e+25, 1.3636471991800274e+25, 1.3979563592467893e+25, 1.40140003537466e+25, 1.4340904120731983e+25, 1.440510691779399e+25, 1.5065311679856933e+25, 1.5304767823003812e+25, 1.5332108316401514e+25, 1.5833258089160072e+25, 1.6012416160572124e+25, 1.6215886693232255e+25, 1.7043185047822629e+25, 1.7364727231109443e+25, 1.7666902383287799e+25, 1.7856772616818881e+25, 1.822839434181145e+25, 1.8329935386106216e+25, 1.8852037440258342e+25, 1.9491229411584913e+25, 1.954727723413112e+25, 1.9742159667492695e+25, 2.012762021199884e+25, 2.062584528594502e+25, 2.1135920560388658e+25, 2.130094308797972e+25, 2.1915612796205173e+25]
[2023-05-18 23:31:14,794][scr.models_trainer][INFO] - Validation losses after 50 epochs : [8.378213379677449e+22, 1.0218465640706372e+24, 1.3555619530056017e+24, 4.6395936838028e+24, 1.302982862970049e+24, 1.26426960833291e+24, 4.94635954409108e+24, 1.4246126152600488e+25, 1.2653503789646516e+25, 2.222504251924663e+24, 3.2757740851953362e+25, 2.040836261543279e+25, 3.353529399744993e+24, 7.44119300064893e+24, 1.0523053444588047e+25, 4.795599937949505e+24, 1.400555132570931e+25, 6.235521899805616e+24, 8.714703454113949e+24, 7.836883394801383e+25, 7.298195434184868e+24, 1.131543892388351e+25, 4.316756331089845e+25, 7.795119584675354e+24, 2.2288298409161944e+25, 1.7026370620783332e+25, 1.508255608048425e+25, 2.6962416899897865e+25, 2.0817848259458908e+25, 6.836941088983232e+25, 9.529586713077045e+24, 1.284841294619152e+26, 2.5765514698233284e+25, 2.8035128719766787e+25, 1.5735918661348058e+25, 1.8635084109344011e+25, 1.5751085185956757e+25, 1.6992012100553456e+25, 3.140759235748107e+25, 3.315977186068988e+25, 2.2535367887848183e+25, 1.0689935980469766e+25, 2.6397096923144305e+25, 1.4539453076633587e+26, 9.567373426164387e+24, 6.088426761201748e+25, 1.6327278996286312e+25, 2.0202815695983777e+25, 2.3318987655630836e+25, 3.951029909873866e+25]
[2023-05-18 23:31:14,795][scr.models_trainer][INFO] - Test losses after 50 epochs : [1.1829348468722739e+23, 1.2728046792972558e+24, 2.0315975176444806e+24, 5.940882394600103e+24, 2.2408669864154858e+24, 2.1460594625402568e+24, 7.345226607418336e+24, 1.9242316488721788e+25, 1.6487440940848465e+25, 3.635447193015428e+24, 4.939790339778495e+25, 2.8491752412831744e+25, 5.796219824885202e+24, 1.1138804092923578e+25, 1.6187048909832974e+25, 8.229861395107969e+24, 2.2377930552452668e+25, 1.0384456761884724e+25, 1.2266676417566359e+25, 1.2203380624680617e+26, 1.156205138794492e+25, 1.848112830878273e+25, 5.187857865337715e+25, 1.1928258435444451e+25, 3.065920560652007e+25, 2.551836113947225e+25, 2.137472784353524e+25, 3.8428414903970486e+25, 3.1005108866426358e+25, 8.210659354490859e+25, 1.4990579087956763e+25, 1.7897772391649454e+26, 3.8338806908091782e+25, 3.619010868212382e+25, 2.591231722706776e+25, 2.8724448873697683e+25, 2.5233227986216993e+25, 2.5542894436651026e+25, 4.403056471338052e+25, 4.479609568519107e+25, 3.22457270663485e+25, 1.860683018750851e+25, 3.860619232978499e+25, 2.1939309181505423e+26, 1.7429761944497198e+25, 8.264023613140751e+25, 2.65070622792843e+25, 3.2485345353354087e+25, 3.6949577567869133e+25, 5.618001324077621e+25]
