[2023-05-22 21:25:53,388][root][INFO] - Model saved as :2305222125
[2023-05-22 21:25:53,388][root][INFO] - {'_target_': 'model_set.models.UNetFlood', 'classes': 1, 'in_channels': 1, 'dropout': True, 'prob': 0.01}
[2023-05-22 21:25:53,388][root][INFO] - {'_target_': 'torch.optim.Adam', 'maximize': True, 'lr': 1e-06, 'weight_decay': 0.9}
[2023-05-22 21:30:44,262][scr.models_trainer][INFO] - Epoch_0: trainLoss = 758995.9449747918: valLoss = 15348535.361180905: valMetric = 1.9548133729394037; test_loss = 45516364.31854839; testMetric = 3.8689549268190753
[2023-05-22 21:35:25,502][scr.models_trainer][INFO] - Epoch_1: trainLoss = 1011108709597.5919: valLoss = 6573204227612.302: valMetric = 1.9593530905805725; test_loss = 20056830829689.117; testMetric = 3.882070764884829
[2023-05-22 21:40:06,349][scr.models_trainer][INFO] - Epoch_2: trainLoss = 140224586601514.05: valLoss = 1618576039507875.5: valMetric = 12.726958099769524; test_loss = 4461557079808198.0; testMetric = 13.307979655450305
[2023-05-22 21:44:57,060][scr.models_trainer][INFO] - Epoch_3: trainLoss = 3303101476359702.0: valLoss = 2.5619173506456816e+16: valMetric = 1.9518366360224793; test_loss = 7.214501154726858e+16; testMetric = 3.8653026046707244
[2023-05-22 21:49:40,124][scr.models_trainer][INFO] - Epoch_4: trainLoss = 3.4997830874772276e+16: valLoss = 2.1232348378002045e+17: valMetric = 10.160283549615789; test_loss = 5.762507057592254e+17; testMetric = 16.604493839570214
[2023-05-22 21:54:21,688][scr.models_trainer][INFO] - Epoch_5: trainLoss = 2.2681810642839098e+17: valLoss = 5.2221962793376365e+17: valMetric = 1.9551664783717668; test_loss = 1.2688584235798976e+18; testMetric = 3.878731613417464
[2023-05-22 21:59:09,411][scr.models_trainer][INFO] - Epoch_6: trainLoss = 1.1168553902225062e+18: valLoss = 8.327768602400089e+18: valMetric = 14.94980381147454; test_loss = 2.254422111075599e+19; testMetric = 13.271244722124356
[2023-05-22 22:03:52,574][scr.models_trainer][INFO] - Epoch_7: trainLoss = 4.4726261742471854e+18: valLoss = 1.4821828886014577e+19: valMetric = 1.9512483051617153; test_loss = 4.092623645344021e+19; testMetric = 3.8677249980066075
[2023-05-22 22:08:33,432][scr.models_trainer][INFO] - Epoch_8: trainLoss = 1.5043654717873797e+19: valLoss = 2.671931453889192e+19: valMetric = 16.610181981537732; test_loss = 7.826444245643965e+19; testMetric = 13.199794210866001
[2023-05-22 22:13:19,815][scr.models_trainer][INFO] - Epoch_9: trainLoss = 4.395563793115653e+19: valLoss = 2.403716351005018e+19: valMetric = 1.9595252357579689; test_loss = 3.7849305363125576e+19; testMetric = 3.8963512181410698
[2023-05-22 22:18:03,411][scr.models_trainer][INFO] - Epoch_10: trainLoss = 1.1418396482912423e+20: valLoss = 2.0754982808947136e+21: valMetric = 17.103344904778595; test_loss = 5.468595926265255e+21; testMetric = 13.168141719403376
[2023-05-22 22:22:45,609][scr.models_trainer][INFO] - Epoch_11: trainLoss = 2.680976074145356e+20: valLoss = 2.4998712996253165e+21: valMetric = 16.48697156464705; test_loss = 6.849375017439633e+21; testMetric = 13.172339333603205
[2023-05-22 22:27:31,172][scr.models_trainer][INFO] - Epoch_12: trainLoss = 5.8041747212266655e+20: valLoss = 1.4668515144981005e+21: valMetric = 1.9501126604355663; test_loss = 3.7836908687553184e+21; testMetric = 3.863558743272798
[2023-05-22 22:32:21,743][scr.models_trainer][INFO] - Epoch_13: trainLoss = 1.2483068481461375e+21: valLoss = 2.265413492798485e+21: valMetric = 1.95121697881299; test_loss = 5.804038423493419e+21; testMetric = 3.868619255096298
[2023-05-22 22:37:04,317][scr.models_trainer][INFO] - Epoch_14: trainLoss = 2.5500587608201374e+21: valLoss = 1.9289727617400123e+22: valMetric = 1.9448983574550462; test_loss = 5.1850195327222165e+22; testMetric = 3.8528809118466447
[2023-05-22 22:41:52,002][scr.models_trainer][INFO] - Epoch_15: trainLoss = 4.744820890249011e+21: valLoss = 1.4998844864486785e+22: valMetric = 1.9487685706540525; test_loss = 3.956576286808684e+22; testMetric = 3.8606389734337734
[2023-05-22 22:46:35,970][scr.models_trainer][INFO] - Epoch_16: trainLoss = 8.260138705122072e+21: valLoss = 5.101811554006768e+22: valMetric = 1.9451311598028032; test_loss = 1.3609838670651592e+23; testMetric = 3.8529472842828865
[2023-05-22 22:51:16,207][scr.models_trainer][INFO] - Epoch_17: trainLoss = 1.3926426010669365e+22: valLoss = 4.219365116328993e+22: valMetric = 1.9489539141234207; test_loss = 1.1113132690365662e+23; testMetric = 3.8614339924420507
[2023-05-22 22:55:58,066][scr.models_trainer][INFO] - Epoch_18: trainLoss = 2.126450225700935e+22: valLoss = 1.4084214642713808e+21: valMetric = 1.401743531098099; test_loss = 1.419906562270739e+21; testMetric = 0.0
[2023-05-22 23:00:50,235][scr.models_trainer][INFO] - Epoch_19: trainLoss = 3.1050275051746296e+22: valLoss = 6.021211245249339e+23: valMetric = 17.55524228571527; test_loss = 1.56431155546023e+24; testMetric = 13.168141719403376
[2023-05-22 23:05:31,657][scr.models_trainer][INFO] - Epoch_20: trainLoss = 4.425627099213596e+22: valLoss = 2.5733922247502157e+22: valMetric = 1.954850064135406; test_loss = 4.373823459076732e+22; testMetric = 3.9013694651561517
[2023-05-22 23:10:12,619][scr.models_trainer][INFO] - Epoch_21: trainLoss = 6.102459398225807e+22: valLoss = 3.747321918486134e+23: valMetric = 1.9450963946942894; test_loss = 9.889738428439451e+23; testMetric = 3.852215835041058
[2023-05-22 23:15:04,311][scr.models_trainer][INFO] - Epoch_22: trainLoss = 7.82815108675837e+22: valLoss = 3.240464763757817e+21: valMetric = 8.941444312258653; test_loss = 9.129247368916829e+21; testMetric = 11.518800225335806
[2023-05-22 23:19:45,064][scr.models_trainer][INFO] - Epoch_23: trainLoss = 9.676383641175945e+22: valLoss = 1.696068441065085e+22: valMetric = 1.3830940922109538; test_loss = 5.571463697669412e+21; testMetric = 1.3699253503744684
[2023-05-22 23:24:25,783][scr.models_trainer][INFO] - Epoch_24: trainLoss = 1.2139900275265096e+23: valLoss = 2.905789572746983e+23: valMetric = 1.9492157964953774; test_loss = 7.903247708478481e+23; testMetric = 3.865496275990125
[2023-05-22 23:29:15,081][scr.models_trainer][INFO] - Epoch_25: trainLoss = 1.4702755861676388e+23: valLoss = 3.236449661180184e+23: valMetric = 7.262191064325207; test_loss = 8.511477613029057e+23; testMetric = 7.360126276552089
[2023-05-22 23:33:59,767][scr.models_trainer][INFO] - Epoch_26: trainLoss = 1.739653735680813e+23: valLoss = 6.64232459628685e+22: valMetric = 1.9548786668246296; test_loss = 1.1452384913050747e+23; testMetric = 3.9034423142614996
[2023-05-22 23:38:39,780][scr.models_trainer][INFO] - Epoch_27: trainLoss = 2.060681122691247e+23: valLoss = 7.87528766611043e+23: valMetric = 1.9470402361997667; test_loss = 2.1352151623528261e+24; testMetric = 3.85744954166499
[2023-05-22 23:43:26,932][scr.models_trainer][INFO] - Epoch_28: trainLoss = 2.398875409929559e+23: valLoss = 9.956291212566161e+23: valMetric = 1.9468705062359368; test_loss = 2.6799445759298917e+24; testMetric = 3.856958932956744
[2023-05-22 23:48:10,005][scr.models_trainer][INFO] - Epoch_29: trainLoss = 2.80487721255135e+23: valLoss = 3.4428626825600326e+24: valMetric = 15.999774589052766; test_loss = 8.441013360000275e+24; testMetric = 13.173511398719555
[2023-05-22 23:52:50,212][scr.models_trainer][INFO] - Epoch_30: trainLoss = 3.269123963298492e+23: valLoss = 1.100448722641992e+23: valMetric = 1.9639375041967626; test_loss = 1.5707739805156105e+23; testMetric = 3.9022748410435173
[2023-05-22 23:57:36,295][scr.models_trainer][INFO] - Epoch_31: trainLoss = 3.5967080455847867e+23: valLoss = 9.768292613238381e+24: valMetric = 17.373088079507657; test_loss = 2.0775623487410803e+25; testMetric = 13.187244150404673
[2023-05-23 00:02:23,064][scr.models_trainer][INFO] - Epoch_32: trainLoss = 4.074858399539779e+23: valLoss = 2.1570491500432133e+24: valMetric = 1.9453108856507886; test_loss = 5.773037534647218e+24; testMetric = 3.8554105760098296
[2023-05-23 00:07:05,851][scr.models_trainer][INFO] - Epoch_33: trainLoss = 4.528617857052689e+23: valLoss = 3.386120527348418e+22: valMetric = 1.4242705911600526; test_loss = 6.487336468536986e+22; testMetric = 0.0
[2023-05-23 00:11:57,038][scr.models_trainer][INFO] - Epoch_34: trainLoss = 5.056665149707832e+23: valLoss = 2.0946390426450835e+24: valMetric = 1.946743586864677; test_loss = 5.514874060927242e+24; testMetric = 3.855156302851406
[2023-05-23 00:16:44,182][scr.models_trainer][INFO] - Epoch_35: trainLoss = 5.6543460229538904e+23: valLoss = 1.4734399935848174e+24: valMetric = 1.9485844396335916; test_loss = 3.864970243396309e+24; testMetric = 3.862956820415189
[2023-05-23 00:21:27,299][scr.models_trainer][INFO] - Epoch_36: trainLoss = 6.178207177001132e+23: valLoss = 1.76131527697403e+24: valMetric = 1.9478241991192076; test_loss = 4.629952649181642e+24; testMetric = 3.8601232768524
[2023-05-23 00:26:08,127][scr.models_trainer][INFO] - Epoch_37: trainLoss = 6.670964800658889e+23: valLoss = 9.328799534601595e+23: valMetric = 1.9506056690764506; test_loss = 2.3680561311945764e+24; testMetric = 3.8689252611248337
[2023-05-23 00:30:58,512][scr.models_trainer][INFO] - Epoch_38: trainLoss = 7.104172057441508e+23: valLoss = 1.639634482653559e+24: valMetric = 2.088229841887706; test_loss = 4.416155447506548e+24; testMetric = 3.8618822373507946
[2023-05-23 00:35:39,403][scr.models_trainer][INFO] - Epoch_39: trainLoss = 7.402103231679317e+23: valLoss = 9.059424515984855e+23: valMetric = 1.9496828532646144; test_loss = 2.4166460840831678e+24; testMetric = 3.8699757450192123
[2023-05-23 00:40:20,960][scr.models_trainer][INFO] - Epoch_40: trainLoss = 7.746420302616257e+23: valLoss = 7.117148223262164e+23: valMetric = 1.9550174617045788; test_loss = 1.6130515233250477e+24; testMetric = 3.8833687213754837
[2023-05-23 00:45:11,629][scr.models_trainer][INFO] - Epoch_41: trainLoss = 8.28493876894277e+23: valLoss = 2.932051246790616e+24: valMetric = 1.9474396489314416; test_loss = 7.731148683784147e+24; testMetric = 3.8568041811447955
[2023-05-23 00:49:53,000][scr.models_trainer][INFO] - Epoch_42: trainLoss = 8.893089600845502e+23: valLoss = 1.858517720773297e+24: valMetric = 1.9475065621920307; test_loss = 4.83535478716816e+24; testMetric = 3.863759736891271
[2023-05-23 00:54:33,744][scr.models_trainer][INFO] - Epoch_43: trainLoss = 9.317735647929555e+23: valLoss = 2.377843027628305e+25: valMetric = 17.94674658039294; test_loss = 5.736480388296875e+25; testMetric = 13.168141719403376
[2023-05-23 00:59:21,924][scr.models_trainer][INFO] - Epoch_44: trainLoss = 9.666368387434523e+23: valLoss = 2.5742242788692656e+24: valMetric = 1.949286807336316; test_loss = 6.681627949540773e+24; testMetric = 3.8624294921619695
[2023-05-23 01:04:04,549][scr.models_trainer][INFO] - Epoch_45: trainLoss = 1.0184428163239717e+24: valLoss = 2.6172125757368133e+24: valMetric = 15.202601549179505; test_loss = 7.3396511849535e+24; testMetric = 13.53444513877724
[2023-05-23 01:08:46,629][scr.models_trainer][INFO] - Epoch_46: trainLoss = 1.0701086336965334e+24: valLoss = 5.773497933811881e+24: valMetric = 1.9459424347736918; test_loss = 1.5138842425088485e+25; testMetric = 3.852458970064838
[2023-05-23 01:13:33,348][scr.models_trainer][INFO] - Epoch_47: trainLoss = 1.1277740072150762e+24: valLoss = 3.7428789195099913e+24: valMetric = 1.9476805814382208; test_loss = 9.84170387537008e+24; testMetric = 3.859367812850184
[2023-05-23 01:18:18,928][scr.models_trainer][INFO] - Epoch_48: trainLoss = 1.1686413245893329e+24: valLoss = 4.664989581520555e+24: valMetric = 12.497862436890236; test_loss = 1.2292977087794664e+25; testMetric = 13.540768647908221
[2023-05-23 01:22:59,936][scr.models_trainer][INFO] - Epoch_49: trainLoss = 1.246294623723131e+24: valLoss = 3.764586978057719e+24: valMetric = 1.9475704253011499; test_loss = 1.0142479312228525e+25; testMetric = 3.8613701360001853
[2023-05-23 01:27:46,860][scr.models_trainer][INFO] - Epoch_50: trainLoss = 1.2825829684895386e+24: valLoss = 1.9460929613296344e+25: valMetric = 15.265512026462277; test_loss = 4.864603153488131e+25; testMetric = 13.260701936567335
[2023-05-23 01:32:33,408][scr.models_trainer][INFO] - Epoch_51: trainLoss = 1.328825384496184e+24: valLoss = 3.242798846595831e+23: valMetric = 1.9378312518926741; test_loss = 4.497091122040625e+23; testMetric = 3.8845780888760713
[2023-05-23 01:37:14,260][scr.models_trainer][INFO] - Epoch_52: trainLoss = 1.3768877959292987e+24: valLoss = 1.2335838698641633e+25: valMetric = 17.04130096031112; test_loss = 3.290517746785862e+25; testMetric = 13.168141719403376
[2023-05-23 01:41:54,981][scr.models_trainer][INFO] - Epoch_53: trainLoss = 1.4375592680570874e+24: valLoss = 1.6930686114163491e+25: valMetric = 16.702715611994613; test_loss = 4.103569668186615e+25; testMetric = 13.173441111331748
[2023-05-23 01:46:46,741][scr.models_trainer][INFO] - Epoch_54: trainLoss = 1.5151622443227175e+24: valLoss = 1.2205092084283659e+25: valMetric = 15.222026242019114; test_loss = 3.1104056856652317e+25; testMetric = 13.260132472930648
[2023-05-23 01:51:27,398][scr.models_trainer][INFO] - Epoch_55: trainLoss = 1.5484638145337246e+24: valLoss = 2.430267207220104e+24: valMetric = 1.9494318507061659; test_loss = 6.327833435345953e+24; testMetric = 3.8671669030709426
[2023-05-23 01:56:07,940][scr.models_trainer][INFO] - Epoch_56: trainLoss = 1.5896294304088086e+24: valLoss = 2.130318615911111e+25: valMetric = 15.811243776252653; test_loss = 5.349728851242162e+25; testMetric = 13.177074747528305
[2023-05-23 02:00:56,504][scr.models_trainer][INFO] - Epoch_57: trainLoss = 1.6243668507315021e+24: valLoss = 2.178125047539807e+24: valMetric = 1.9508495609176602; test_loss = 5.38231253709238e+24; testMetric = 3.8684125180289395
[2023-05-23 02:05:37,236][scr.models_trainer][INFO] - Epoch_58: trainLoss = 1.7426681033620369e+24: valLoss = 8.795817767268154e+24: valMetric = 1.9461767227499862; test_loss = 2.3112770375701915e+25; testMetric = 3.853239645689267
[2023-05-23 02:10:17,874][scr.models_trainer][INFO] - Epoch_59: trainLoss = 1.7633455497489825e+24: valLoss = 5.565818793543737e+24: valMetric = 1.9458328611610645; test_loss = 1.4864545192437964e+25; testMetric = 3.8581553111615916
[2023-05-23 02:15:07,622][scr.models_trainer][INFO] - Epoch_60: trainLoss = 1.8144951571946971e+24: valLoss = 5.595520810868086e+24: valMetric = 1.9476134021517706; test_loss = 1.460283896599966e+25; testMetric = 3.857273600359554
[2023-05-23 02:19:49,100][scr.models_trainer][INFO] - Epoch_61: trainLoss = 1.8839137243698447e+24: valLoss = 1.419498120488036e+25: valMetric = 11.352673427400003; test_loss = 3.7346328266695953e+25; testMetric = 14.300641871828457
[2023-05-23 02:24:32,711][scr.models_trainer][INFO] - Epoch_62: trainLoss = 1.9775770418480067e+24: valLoss = 4.047335435564256e+23: valMetric = 1.3841708834914759; test_loss = 2.579655048204836e+23; testMetric = 0.0
[2023-05-23 02:29:21,758][scr.models_trainer][INFO] - Epoch_63: trainLoss = 2.0320267129502607e+24: valLoss = 2.284925039542123e+23: valMetric = 1.4119864984045285; test_loss = 3.148362262954951e+23; testMetric = 0.0
[2023-05-23 02:34:04,107][scr.models_trainer][INFO] - Epoch_64: trainLoss = 2.0400392890564627e+24: valLoss = 1.395897117647318e+25: valMetric = 12.86553334520636; test_loss = 3.6356035615779996e+25; testMetric = 13.321296774212373
[2023-05-23 02:38:46,912][scr.models_trainer][INFO] - Epoch_65: trainLoss = 2.1197634074901468e+24: valLoss = 3.379831620824234e+25: valMetric = 17.24280734920089; test_loss = 7.990232629223625e+25; testMetric = 13.168647603033637
[2023-05-23 02:43:35,121][scr.models_trainer][INFO] - Epoch_66: trainLoss = 2.2103065431425662e+24: valLoss = 3.914452672282489e+25: valMetric = 16.463036498443053; test_loss = 1.029987263870193e+26; testMetric = 13.169087512780978
[2023-05-23 02:48:21,452][scr.models_trainer][INFO] - Epoch_67: trainLoss = 2.2471139031056187e+24: valLoss = 9.82413251828086e+24: valMetric = 15.25589273777286; test_loss = 2.665092211209906e+25; testMetric = 13.33594858804727
[2023-05-23 02:53:02,111][scr.models_trainer][INFO] - Epoch_68: trainLoss = 2.26087710982524e+24: valLoss = 3.3496206822784223e+24: valMetric = 1.9510353524505526; test_loss = 8.463817581748025e+24; testMetric = 3.870627710344157
[2023-05-23 02:57:46,239][scr.models_trainer][INFO] - Epoch_69: trainLoss = 2.3677920963536135e+24: valLoss = 9.827527529859574e+24: valMetric = 11.469247294555284; test_loss = 2.703244388681258e+25; testMetric = 14.233771492794817
[2023-05-23 03:02:29,673][scr.models_trainer][INFO] - Epoch_70: trainLoss = 2.4179073299353275e+24: valLoss = 3.281183654460742e+23: valMetric = 1.326507707880817; test_loss = 6.031934144181079e+23; testMetric = 0.0
[2023-05-23 03:07:10,400][scr.models_trainer][INFO] - Epoch_71: trainLoss = 2.478876644419857e+24: valLoss = 2.2534327498245747e+25: valMetric = 16.448526506464184; test_loss = 5.937053693797954e+25; testMetric = 13.168141719403376
[2023-05-23 03:11:52,322][scr.models_trainer][INFO] - Epoch_72: trainLoss = 2.5779344759785966e+24: valLoss = 1.0885030824238494e+25: valMetric = 1.9473443059082685; test_loss = 2.867610374670268e+25; testMetric = 3.8563817898009245
[2023-05-23 03:16:41,288][scr.models_trainer][INFO] - Epoch_73: trainLoss = 2.63278217264248e+24: valLoss = 3.6565241809043885e+25: valMetric = 15.865570509537111; test_loss = 9.08433620043729e+25; testMetric = 13.176809406121473
[2023-05-23 03:21:22,416][scr.models_trainer][INFO] - Epoch_74: trainLoss = 2.6850502207075255e+24: valLoss = 1.075741455226001e+25: valMetric = 1.9467401072665333; test_loss = 2.8932583422868735e+25; testMetric = 3.856724740043916
[2023-05-23 03:26:03,393][scr.models_trainer][INFO] - Epoch_75: trainLoss = 2.779114743692634e+24: valLoss = 2.072406933894343e+25: valMetric = 16.35564201709978; test_loss = 5.340841687697046e+25; testMetric = 13.171677730303264
[2023-05-23 03:30:48,127][scr.models_trainer][INFO] - Epoch_76: trainLoss = 2.8067751650769073e+24: valLoss = 1.988982489365736e+24: valMetric = 16.521413092693997; test_loss = 5.809123632483601e+24; testMetric = 13.204557942048618
[2023-05-23 03:35:29,477][scr.models_trainer][INFO] - Epoch_77: trainLoss = 2.8281779202624426e+24: valLoss = 3.331126250923497e+24: valMetric = 1.952250555059032; test_loss = 7.937397334872851e+24; testMetric = 3.8721407796895453
[2023-05-23 03:40:09,638][scr.models_trainer][INFO] - Epoch_78: trainLoss = 2.907447225524227e+24: valLoss = 8.095618047290954e+24: valMetric = 1.947950194954412; test_loss = 2.095270610833477e+25; testMetric = 3.8590635285108403
[2023-05-23 03:44:58,471][scr.models_trainer][INFO] - Epoch_79: trainLoss = 2.9520311083390563e+24: valLoss = 1.424154545315799e+24: valMetric = 1.9535322344295196; test_loss = 3.1747320244305526e+24; testMetric = 3.8908003405776084
[2023-05-23 03:49:41,388][scr.models_trainer][INFO] - Epoch_80: trainLoss = 3.058078088418682e+24: valLoss = 5.67314337121504e+25: valMetric = 16.66636646506901; test_loss = 1.2271881875515466e+26; testMetric = 13.221631613728416
[2023-05-23 03:54:22,770][scr.models_trainer][INFO] - Epoch_81: trainLoss = 3.0962124680997234e+24: valLoss = 2.5419781178814685e+25: valMetric = 15.737531485015865; test_loss = 6.798319273113388e+25; testMetric = 13.181406874949275
[2023-05-23 03:59:12,385][scr.models_trainer][INFO] - Epoch_82: trainLoss = 3.1414641358605e+24: valLoss = 1.2973347639762404e+25: valMetric = 1.9463110383959783; test_loss = 3.4937248058426255e+25; testMetric = 3.8566035481233385
[2023-05-23 04:03:57,647][scr.models_trainer][INFO] - Epoch_83: trainLoss = 3.2430940467474396e+24: valLoss = 1.2495620582427555e+25: valMetric = 11.426457638373133; test_loss = 3.360824888115251e+25; testMetric = 14.23818082734239
[2023-05-23 04:08:38,536][scr.models_trainer][INFO] - Epoch_84: trainLoss = 3.2749319580135864e+24: valLoss = 2.923921848534782e+25: valMetric = 15.658170931598274; test_loss = 7.608989635748291e+25; testMetric = 13.181150703475916
[2023-05-23 04:13:25,293][scr.models_trainer][INFO] - Epoch_85: trainLoss = 3.334857425301697e+24: valLoss = 4.2646126443132295e+25: valMetric = 16.47757276205955; test_loss = 1.1134517592057145e+26; testMetric = 13.168141719403376
[2023-05-23 04:18:10,198][scr.models_trainer][INFO] - Epoch_86: trainLoss = 3.3612588654585343e+24: valLoss = 4.266745836333055e+25: valMetric = 15.65040299124854; test_loss = 1.0770231240424027e+26; testMetric = 13.211851632104727
[2023-05-23 04:22:50,963][scr.models_trainer][INFO] - Epoch_87: trainLoss = 3.4274366693103306e+24: valLoss = 3.739228069417933e+25: valMetric = 16.170223613704135; test_loss = 9.141183417984196e+25; testMetric = 13.225500081822265
[2023-05-23 04:27:31,477][scr.models_trainer][INFO] - Epoch_88: trainLoss = 3.441231776969246e+24: valLoss = 1.4578973426463342e+25: valMetric = 11.36945964622232; test_loss = 3.9268403710964e+25; testMetric = 13.92847313727648
[2023-05-23 04:32:16,224][scr.models_trainer][INFO] - Epoch_89: trainLoss = 3.5041934855118364e+24: valLoss = 1.31960430109255e+25: valMetric = 1.946439409778232; test_loss = 3.5421323878371706e+25; testMetric = 3.8572111589226514
[2023-05-23 04:36:56,721][scr.models_trainer][INFO] - Epoch_90: trainLoss = 3.5507924114821827e+24: valLoss = 2.4112340723869048e+24: valMetric = 1.9547921150136207; test_loss = 5.024670710132185e+24; testMetric = 3.881550549495611
[2023-05-23 04:41:37,639][scr.models_trainer][INFO] - Epoch_91: trainLoss = 3.658463942655583e+24: valLoss = 6.11613837727226e+23: valMetric = 1.918754084870371; test_loss = 8.352708375977164e+23; testMetric = 3.8756074198259496
[2023-05-23 04:46:27,379][scr.models_trainer][INFO] - Epoch_92: trainLoss = 3.645264691703001e+24: valLoss = 1.1008877240285835e+25: valMetric = 1.9478921735530244; test_loss = 2.9461885563338876e+25; testMetric = 3.859829900070641
[2023-05-23 04:51:08,236][scr.models_trainer][INFO] - Epoch_93: trainLoss = 3.63932345155654e+24: valLoss = 6.308392608753295e+23: valMetric = 1.3358963663440184; test_loss = 8.476107799950277e+23; testMetric = 0.0
[2023-05-23 04:55:49,115][scr.models_trainer][INFO] - Epoch_94: trainLoss = 3.770842873351198e+24: valLoss = 1.990898220804226e+24: valMetric = 1.956518501879187; test_loss = 3.3110178686208433e+24; testMetric = 3.9052403339853528
[2023-05-23 05:00:36,929][scr.models_trainer][INFO] - Epoch_95: trainLoss = 3.801539299322132e+24: valLoss = 7.874579198380538e+24: valMetric = 1.9495931430674207; test_loss = 2.073956621640741e+25; testMetric = 3.8657875359745346
[2023-05-23 05:05:21,451][scr.models_trainer][INFO] - Epoch_96: trainLoss = 3.8681433969689463e+24: valLoss = 1.5612860683381298e+25: valMetric = 1.9459310142514528; test_loss = 4.093091718377423e+25; testMetric = 3.856080279128329
[2023-05-23 05:10:02,142][scr.models_trainer][INFO] - Epoch_97: trainLoss = 3.882992562392507e+24: valLoss = 8.438638735189874e+24: valMetric = 1.9498415620874372; test_loss = 2.1366220488827428e+25; testMetric = 3.8646830187832406
[2023-05-23 05:14:44,944][scr.models_trainer][INFO] - Epoch_98: trainLoss = 3.9470242457887023e+24: valLoss = 1.6485350720877283e+25: valMetric = 15.268469070873921; test_loss = 4.333260686242917e+25; testMetric = 13.310546342622775
[2023-05-23 05:19:31,571][scr.models_trainer][INFO] - Epoch_99: trainLoss = 4.0502460588036365e+24: valLoss = 1.0518709163735314e+25: valMetric = 1.9482842066647172; test_loss = 2.7380367781727322e+25; testMetric = 3.8605139158986352
[2023-05-23 05:24:13,069][scr.models_trainer][INFO] - Epoch_100: trainLoss = 4.087123891508096e+24: valLoss = 1.6602938719525785e+25: valMetric = 1.9928175691480707; test_loss = 4.333741645186935e+25; testMetric = 3.854826412756714
[2023-05-23 05:29:01,157][scr.models_trainer][INFO] - Epoch_101: trainLoss = 4.051639212661105e+24: valLoss = 4.921718708906851e+24: valMetric = 1.9523394085007106; test_loss = 1.148766336105011e+25; testMetric = 3.875084800220247
[2023-05-23 05:33:49,009][scr.models_trainer][INFO] - Epoch_102: trainLoss = 4.2575848646309517e+24: valLoss = 1.9628347750215098e+25: valMetric = 1.9464587641772466; test_loss = 5.107462553843784e+25; testMetric = 3.8552031251438024
[2023-05-23 05:38:29,585][scr.models_trainer][INFO] - Epoch_103: trainLoss = 4.2615232568047406e+24: valLoss = 9.718488673111556e+23: valMetric = 2.0061184675656167; test_loss = 7.236324406625383e+23; testMetric = 3.8575901968923727
[2023-05-23 05:43:10,735][scr.models_trainer][INFO] - Epoch_104: trainLoss = 4.224235513449679e+24: valLoss = 7.512536094577631e+24: valMetric = 1.949913599629729; test_loss = 1.9106853217221425e+25; testMetric = 3.8642680541051893
[2023-05-23 05:48:00,155][scr.models_trainer][INFO] - Epoch_105: trainLoss = 4.386989677694104e+24: valLoss = 3.1539043603752425e+25: valMetric = 15.500745581742587; test_loss = 8.064955701383657e+25; testMetric = 13.18071271669142
[2023-05-23 05:52:40,658][scr.models_trainer][INFO] - Epoch_106: trainLoss = 4.3674618434269774e+24: valLoss = 4.784192042488892e+25: valMetric = 16.551312994785693; test_loss = 1.1780192469883583e+26; testMetric = 13.16943110962712
[2023-05-23 05:57:21,382][scr.models_trainer][INFO] - Epoch_107: trainLoss = 4.4230982674184955e+24: valLoss = 1.0692910630309673e+25: valMetric = 1.9476288565314366; test_loss = 2.7640728338989173e+25; testMetric = 3.86365840657801
[2023-05-23 06:02:14,273][scr.models_trainer][INFO] - Epoch_108: trainLoss = 4.5829827404965877e+24: valLoss = 6.396534086926568e+24: valMetric = 1.951339552171439; test_loss = 1.5342372567656157e+25; testMetric = 3.8698608570281037
[2023-05-23 06:07:03,198][scr.models_trainer][INFO] - Epoch_109: trainLoss = 4.5420210440623043e+24: valLoss = 3.87372591163538e+25: valMetric = 16.351859641758793; test_loss = 1.0362169467796117e+26; testMetric = 13.178169784889949
[2023-05-23 06:11:49,959][scr.models_trainer][INFO] - Epoch_110: trainLoss = 4.674631967494865e+24: valLoss = 2.8292790878052595e+25: valMetric = 1.9459891164696534; test_loss = 7.365932088205078e+25; testMetric = 3.85224876272946
[2023-05-23 06:16:46,912][scr.models_trainer][INFO] - Epoch_111: trainLoss = 4.754040481742084e+24: valLoss = 5.349488343510863e+25: valMetric = 12.584996267706522; test_loss = 1.344163693422839e+26; testMetric = 13.358891081217449
[2023-05-23 06:21:36,616][scr.models_trainer][INFO] - Epoch_112: trainLoss = 4.6484921923610755e+24: valLoss = 1.0202899023729796e+25: valMetric = 1.9496143737561784; test_loss = 2.5816265277453845e+25; testMetric = 3.864208476349391
[2023-05-23 06:26:26,108][scr.models_trainer][INFO] - Epoch_113: trainLoss = 4.739011572301471e+24: valLoss = 1.5020576250445062e+25: valMetric = 1.9471615627252437; test_loss = 3.999370424621208e+25; testMetric = 3.8589435806520753
[2023-05-23 06:31:25,144][scr.models_trainer][INFO] - Epoch_114: trainLoss = 4.769128413847847e+24: valLoss = 9.199217911842193e+25: valMetric = 17.11964404864508; test_loss = 2.398287902869015e+26; testMetric = 13.168141719403376
[2023-05-23 06:36:14,378][scr.models_trainer][INFO] - Epoch_115: trainLoss = 4.812319917548097e+24: valLoss = 2.582207391444157e+25: valMetric = 12.816426938206083; test_loss = 6.802722160969878e+25; testMetric = 13.420271139539059
[2023-05-23 06:41:04,889][scr.models_trainer][INFO] - Epoch_116: trainLoss = 4.978617935455476e+24: valLoss = 2.4132320556623145e+24: valMetric = 1.9554465907467997; test_loss = 3.8663517163350763e+24; testMetric = 3.9049801923878316
[2023-05-23 06:46:03,670][scr.models_trainer][INFO] - Epoch_117: trainLoss = 5.006180322819833e+24: valLoss = 1.4689604866543562e+26: valMetric = 15.266636607788802; test_loss = 2.8771210445107932e+26; testMetric = 13.17774328424079
[2023-05-23 06:50:54,479][scr.models_trainer][INFO] - Epoch_118: trainLoss = 4.988308685913121e+24: valLoss = 1.6019872553179527e+25: valMetric = 1.9461918981364608; test_loss = 4.308885088687373e+25; testMetric = 3.8601442686105027
[2023-05-23 06:55:44,595][scr.models_trainer][INFO] - Epoch_119: trainLoss = 5.07972428847617e+24: valLoss = 2.256345207812508e+25: valMetric = 1.9460405457449816; test_loss = 5.971664046860293e+25; testMetric = 3.8565574230468442
[2023-05-23 07:00:40,691][scr.models_trainer][INFO] - Epoch_120: trainLoss = 5.177853295502065e+24: valLoss = 1.4742147876878336e+24: valMetric = 15.672890953461863; test_loss = 4.597222271326498e+24; testMetric = 13.489270897257976
[2023-05-23 07:05:32,730][scr.models_trainer][INFO] - Epoch_121: trainLoss = 5.2684967436179e+24: valLoss = 2.049402107292236e+24: valMetric = 1.9600956581129387; test_loss = 2.807925478668572e+24; testMetric = 3.901993170214957
[2023-05-23 07:10:21,760][scr.models_trainer][INFO] - Epoch_122: trainLoss = 5.290575735779783e+24: valLoss = 1.5871266669573905e+25: valMetric = 9.442059961024993; test_loss = 4.240277058738854e+25; testMetric = 11.71235131711017
[2023-05-23 07:15:19,949][scr.models_trainer][INFO] - Epoch_123: trainLoss = 5.299990094256086e+24: valLoss = 1.5772839602895658e+25: valMetric = 1.9486181570113983; test_loss = 4.0846269324777834e+25; testMetric = 3.860258308459705
[2023-05-23 07:20:10,026][scr.models_trainer][INFO] - Epoch_124: trainLoss = 5.461531327792142e+24: valLoss = 1.364094312807571e+25: valMetric = 1.9487044743353132; test_loss = 3.5247741403165675e+25; testMetric = 3.8630264305547466
[2023-05-23 07:24:59,859][scr.models_trainer][INFO] - Epoch_125: trainLoss = 5.443770500105757e+24: valLoss = 5.275015004796125e+24: valMetric = 1.9525211405554808; test_loss = 1.1883279693965495e+25; testMetric = 3.8759986313669827
[2023-05-23 07:29:56,135][scr.models_trainer][INFO] - Epoch_126: trainLoss = 5.559385006704674e+24: valLoss = 1.8656059775513023e+24: valMetric = 1.9503990304126875; test_loss = 2.0425757615373237e+24; testMetric = 3.888691889958873
[2023-05-23 07:34:47,222][scr.models_trainer][INFO] - Epoch_127: trainLoss = 5.609691828786842e+24: valLoss = 4.799270185867236e+25: valMetric = 18.42787385154507; test_loss = 1.3182130998472372e+26; testMetric = 13.168141719403376
[2023-05-23 07:39:36,233][scr.models_trainer][INFO] - Epoch_128: trainLoss = 5.635331671110443e+24: valLoss = 3.6528372241754574e+25: valMetric = 1.9449376367018405; test_loss = 9.705410631823712e+25; testMetric = 3.852789732037105
[2023-05-23 07:44:32,891][scr.models_trainer][INFO] - Epoch_129: trainLoss = 5.638707821327938e+24: valLoss = 1.2342686970058176e+25: valMetric = 1.9503941667327942; test_loss = 3.119259592093188e+25; testMetric = 3.8660749063519986
[2023-05-23 07:49:23,801][scr.models_trainer][INFO] - Epoch_130: trainLoss = 5.672331688275979e+24: valLoss = 5.440045414802369e+25: valMetric = 15.56244083650003; test_loss = 1.3758717114873315e+26; testMetric = 13.186984101744434
[2023-05-23 07:54:13,138][scr.models_trainer][INFO] - Epoch_131: trainLoss = 5.806869997737968e+24: valLoss = 3.4549790531452667e+25: valMetric = 12.750812634122498; test_loss = 9.070590777070189e+25; testMetric = 13.349751418680189
[2023-05-23 07:59:01,433][scr.models_trainer][INFO] - Epoch_132: trainLoss = 5.932700379297402e+24: valLoss = 1.6074155016763695e+24: valMetric = 1.868422924691059; test_loss = 9.669129433120515e+23; testMetric = 3.8595652165317196
[2023-05-23 08:04:01,155][scr.models_trainer][INFO] - Epoch_133: trainLoss = 5.868892171884455e+24: valLoss = 4.278518235636652e+24: valMetric = 1.9540044732539927; test_loss = 8.243287278376978e+24; testMetric = 3.885579496052253
[2023-05-23 08:08:49,346][scr.models_trainer][INFO] - Epoch_134: trainLoss = 6.054081474548588e+24: valLoss = 8.77365039711339e+25: valMetric = 16.9922358577788; test_loss = 2.3019785288485722e+26; testMetric = 13.168141719403376
[2023-05-23 08:13:39,929][scr.models_trainer][INFO] - Epoch_135: trainLoss = 6.092758398016702e+24: valLoss = 8.284896302396811e+25: valMetric = 17.13925998496301; test_loss = 1.9417886843505588e+26; testMetric = 13.169584278945196
[2023-05-23 08:18:38,076][scr.models_trainer][INFO] - Epoch_136: trainLoss = 6.156121693321372e+24: valLoss = 1.74006074754494e+25: valMetric = 1.9482780523274654; test_loss = 4.640745020527613e+25; testMetric = 3.8621914884596724
[2023-05-23 08:23:26,164][scr.models_trainer][INFO] - Epoch_137: trainLoss = 6.312224930448358e+24: valLoss = 1.5861978549177354e+25: valMetric = 1.949083969245195; test_loss = 4.0553935692468285e+25; testMetric = 3.8619265708560326
[2023-05-23 08:28:14,605][scr.models_trainer][INFO] - Epoch_138: trainLoss = 6.204124794597156e+24: valLoss = 4.4028731565669084e+25: valMetric = 1.9446170289993654; test_loss = 1.153783980545395e+26; testMetric = 3.8506134620354433
[2023-05-23 08:33:25,746][scr.models_trainer][INFO] - Epoch_139: trainLoss = 6.244820730841178e+24: valLoss = 1.1985323706450834e+26: valMetric = 17.23182594140438; test_loss = 3.101317895620575e+26; testMetric = 13.168141719403376
[2023-05-23 08:38:23,103][scr.models_trainer][INFO] - Epoch_140: trainLoss = 6.337795992235745e+24: valLoss = 1.6061662849377798e+25: valMetric = 1.9488803026472326; test_loss = 4.153946393728795e+25; testMetric = 3.861056064154163
[2023-05-23 08:43:22,442][scr.models_trainer][INFO] - Epoch_141: trainLoss = 6.366918078504176e+24: valLoss = 6.827092837777857e+25: valMetric = 12.198822955496945; test_loss = 1.7751859928554732e+26; testMetric = 13.548351015911905
[2023-05-23 08:48:16,844][scr.models_trainer][INFO] - Epoch_142: trainLoss = 6.56400240325652e+24: valLoss = 1.5131741600757406e+25: valMetric = 1.9477871174650923; test_loss = 4.018904906590033e+25; testMetric = 3.8618409805592506
[2023-05-23 08:53:04,865][scr.models_trainer][INFO] - Epoch_143: trainLoss = 6.58227749609112e+24: valLoss = 2.3026955146769973e+24: valMetric = 1.3847554500596118; test_loss = 1.7385544634064811e+24; testMetric = 0.0
[2023-05-23 08:57:51,042][scr.models_trainer][INFO] - Epoch_144: trainLoss = 6.7118178282711e+24: valLoss = 9.668702655084908e+24: valMetric = 1.9516051012332427; test_loss = 2.5266161253692962e+25; testMetric = 3.8727286895172424
[2023-05-23 09:02:52,130][scr.models_trainer][INFO] - Epoch_145: trainLoss = 6.744913422515443e+24: valLoss = 2.5492335624515335e+25: valMetric = 1.9470526220902953; test_loss = 6.756797980051161e+25; testMetric = 3.857730892029
[2023-05-23 09:07:54,912][scr.models_trainer][INFO] - Epoch_146: trainLoss = 6.787094559741574e+24: valLoss = 1.229895477085545e+25: valMetric = 1.9511227883533322; test_loss = 2.979016288354478e+25; testMetric = 3.8665799290172638
[2023-05-23 09:12:50,123][scr.models_trainer][INFO] - Epoch_147: trainLoss = 6.877978116929115e+24: valLoss = 7.6445958094091695e+25: valMetric = 2.6212639093002985; test_loss = 1.9479449260837422e+26; testMetric = 4.614619603448306
[2023-05-23 09:17:51,010][scr.models_trainer][INFO] - Epoch_148: trainLoss = 6.937126650362659e+24: valLoss = 1.6171439601693935e+25: valMetric = 1.9491195795852179; test_loss = 4.212157648320282e+25; testMetric = 3.8638143452496934
[2023-05-23 09:22:48,169][scr.models_trainer][INFO] - Epoch_149: trainLoss = 7.024997056424054e+24: valLoss = 4.405143700107642e+25: valMetric = 15.486534339505985; test_loss = 1.1357144075671507e+26; testMetric = 13.213499510545294
[2023-05-23 09:22:48,170][scr.models_trainer][INFO] - Train losses after 150 epochs : [758995.9449747918, 1011108709597.5919, 140224586601514.05, 3303101476359702.0, 3.4997830874772276e+16, 2.2681810642839098e+17, 1.1168553902225062e+18, 4.4726261742471854e+18, 1.5043654717873797e+19, 4.395563793115653e+19, 1.1418396482912423e+20, 2.680976074145356e+20, 5.8041747212266655e+20, 1.2483068481461375e+21, 2.5500587608201374e+21, 4.744820890249011e+21, 8.260138705122072e+21, 1.3926426010669365e+22, 2.126450225700935e+22, 3.1050275051746296e+22, 4.425627099213596e+22, 6.102459398225807e+22, 7.82815108675837e+22, 9.676383641175945e+22, 1.2139900275265096e+23, 1.4702755861676388e+23, 1.739653735680813e+23, 2.060681122691247e+23, 2.398875409929559e+23, 2.80487721255135e+23, 3.269123963298492e+23, 3.5967080455847867e+23, 4.074858399539779e+23, 4.528617857052689e+23, 5.056665149707832e+23, 5.6543460229538904e+23, 6.178207177001132e+23, 6.670964800658889e+23, 7.104172057441508e+23, 7.402103231679317e+23, 7.746420302616257e+23, 8.28493876894277e+23, 8.893089600845502e+23, 9.317735647929555e+23, 9.666368387434523e+23, 1.0184428163239717e+24, 1.0701086336965334e+24, 1.1277740072150762e+24, 1.1686413245893329e+24, 1.246294623723131e+24, 1.2825829684895386e+24, 1.328825384496184e+24, 1.3768877959292987e+24, 1.4375592680570874e+24, 1.5151622443227175e+24, 1.5484638145337246e+24, 1.5896294304088086e+24, 1.6243668507315021e+24, 1.7426681033620369e+24, 1.7633455497489825e+24, 1.8144951571946971e+24, 1.8839137243698447e+24, 1.9775770418480067e+24, 2.0320267129502607e+24, 2.0400392890564627e+24, 2.1197634074901468e+24, 2.2103065431425662e+24, 2.2471139031056187e+24, 2.26087710982524e+24, 2.3677920963536135e+24, 2.4179073299353275e+24, 2.478876644419857e+24, 2.5779344759785966e+24, 2.63278217264248e+24, 2.6850502207075255e+24, 2.779114743692634e+24, 2.8067751650769073e+24, 2.8281779202624426e+24, 2.907447225524227e+24, 2.9520311083390563e+24, 3.058078088418682e+24, 3.0962124680997234e+24, 3.1414641358605e+24, 3.2430940467474396e+24, 3.2749319580135864e+24, 3.334857425301697e+24, 3.3612588654585343e+24, 3.4274366693103306e+24, 3.441231776969246e+24, 3.5041934855118364e+24, 3.5507924114821827e+24, 3.658463942655583e+24, 3.645264691703001e+24, 3.63932345155654e+24, 3.770842873351198e+24, 3.801539299322132e+24, 3.8681433969689463e+24, 3.882992562392507e+24, 3.9470242457887023e+24, 4.0502460588036365e+24, 4.087123891508096e+24, 4.051639212661105e+24, 4.2575848646309517e+24, 4.2615232568047406e+24, 4.224235513449679e+24, 4.386989677694104e+24, 4.3674618434269774e+24, 4.4230982674184955e+24, 4.5829827404965877e+24, 4.5420210440623043e+24, 4.674631967494865e+24, 4.754040481742084e+24, 4.6484921923610755e+24, 4.739011572301471e+24, 4.769128413847847e+24, 4.812319917548097e+24, 4.978617935455476e+24, 5.006180322819833e+24, 4.988308685913121e+24, 5.07972428847617e+24, 5.177853295502065e+24, 5.2684967436179e+24, 5.290575735779783e+24, 5.299990094256086e+24, 5.461531327792142e+24, 5.443770500105757e+24, 5.559385006704674e+24, 5.609691828786842e+24, 5.635331671110443e+24, 5.638707821327938e+24, 5.672331688275979e+24, 5.806869997737968e+24, 5.932700379297402e+24, 5.868892171884455e+24, 6.054081474548588e+24, 6.092758398016702e+24, 6.156121693321372e+24, 6.312224930448358e+24, 6.204124794597156e+24, 6.244820730841178e+24, 6.337795992235745e+24, 6.366918078504176e+24, 6.56400240325652e+24, 6.58227749609112e+24, 6.7118178282711e+24, 6.744913422515443e+24, 6.787094559741574e+24, 6.877978116929115e+24, 6.937126650362659e+24, 7.024997056424054e+24]
[2023-05-23 09:22:48,173][scr.models_trainer][INFO] - Validation losses after 150 epochs : [15348535.361180905, 6573204227612.302, 1618576039507875.5, 2.5619173506456816e+16, 2.1232348378002045e+17, 5.2221962793376365e+17, 8.327768602400089e+18, 1.4821828886014577e+19, 2.671931453889192e+19, 2.403716351005018e+19, 2.0754982808947136e+21, 2.4998712996253165e+21, 1.4668515144981005e+21, 2.265413492798485e+21, 1.9289727617400123e+22, 1.4998844864486785e+22, 5.101811554006768e+22, 4.219365116328993e+22, 1.4084214642713808e+21, 6.021211245249339e+23, 2.5733922247502157e+22, 3.747321918486134e+23, 3.240464763757817e+21, 1.696068441065085e+22, 2.905789572746983e+23, 3.236449661180184e+23, 6.64232459628685e+22, 7.87528766611043e+23, 9.956291212566161e+23, 3.4428626825600326e+24, 1.100448722641992e+23, 9.768292613238381e+24, 2.1570491500432133e+24, 3.386120527348418e+22, 2.0946390426450835e+24, 1.4734399935848174e+24, 1.76131527697403e+24, 9.328799534601595e+23, 1.639634482653559e+24, 9.059424515984855e+23, 7.117148223262164e+23, 2.932051246790616e+24, 1.858517720773297e+24, 2.377843027628305e+25, 2.5742242788692656e+24, 2.6172125757368133e+24, 5.773497933811881e+24, 3.7428789195099913e+24, 4.664989581520555e+24, 3.764586978057719e+24, 1.9460929613296344e+25, 3.242798846595831e+23, 1.2335838698641633e+25, 1.6930686114163491e+25, 1.2205092084283659e+25, 2.430267207220104e+24, 2.130318615911111e+25, 2.178125047539807e+24, 8.795817767268154e+24, 5.565818793543737e+24, 5.595520810868086e+24, 1.419498120488036e+25, 4.047335435564256e+23, 2.284925039542123e+23, 1.395897117647318e+25, 3.379831620824234e+25, 3.914452672282489e+25, 9.82413251828086e+24, 3.3496206822784223e+24, 9.827527529859574e+24, 3.281183654460742e+23, 2.2534327498245747e+25, 1.0885030824238494e+25, 3.6565241809043885e+25, 1.075741455226001e+25, 2.072406933894343e+25, 1.988982489365736e+24, 3.331126250923497e+24, 8.095618047290954e+24, 1.424154545315799e+24, 5.67314337121504e+25, 2.5419781178814685e+25, 1.2973347639762404e+25, 1.2495620582427555e+25, 2.923921848534782e+25, 4.2646126443132295e+25, 4.266745836333055e+25, 3.739228069417933e+25, 1.4578973426463342e+25, 1.31960430109255e+25, 2.4112340723869048e+24, 6.11613837727226e+23, 1.1008877240285835e+25, 6.308392608753295e+23, 1.990898220804226e+24, 7.874579198380538e+24, 1.5612860683381298e+25, 8.438638735189874e+24, 1.6485350720877283e+25, 1.0518709163735314e+25, 1.6602938719525785e+25, 4.921718708906851e+24, 1.9628347750215098e+25, 9.718488673111556e+23, 7.512536094577631e+24, 3.1539043603752425e+25, 4.784192042488892e+25, 1.0692910630309673e+25, 6.396534086926568e+24, 3.87372591163538e+25, 2.8292790878052595e+25, 5.349488343510863e+25, 1.0202899023729796e+25, 1.5020576250445062e+25, 9.199217911842193e+25, 2.582207391444157e+25, 2.4132320556623145e+24, 1.4689604866543562e+26, 1.6019872553179527e+25, 2.256345207812508e+25, 1.4742147876878336e+24, 2.049402107292236e+24, 1.5871266669573905e+25, 1.5772839602895658e+25, 1.364094312807571e+25, 5.275015004796125e+24, 1.8656059775513023e+24, 4.799270185867236e+25, 3.6528372241754574e+25, 1.2342686970058176e+25, 5.440045414802369e+25, 3.4549790531452667e+25, 1.6074155016763695e+24, 4.278518235636652e+24, 8.77365039711339e+25, 8.284896302396811e+25, 1.74006074754494e+25, 1.5861978549177354e+25, 4.4028731565669084e+25, 1.1985323706450834e+26, 1.6061662849377798e+25, 6.827092837777857e+25, 1.5131741600757406e+25, 2.3026955146769973e+24, 9.668702655084908e+24, 2.5492335624515335e+25, 1.229895477085545e+25, 7.6445958094091695e+25, 1.6171439601693935e+25, 4.405143700107642e+25]
[2023-05-23 09:22:48,175][scr.models_trainer][INFO] - Validation metrics in 150 epochs : [1.9548133729394037, 1.9593530905805725, 12.726958099769524, 1.9518366360224793, 10.160283549615789, 1.9551664783717668, 14.94980381147454, 1.9512483051617153, 16.610181981537732, 1.9595252357579689, 17.103344904778595, 16.48697156464705, 1.9501126604355663, 1.95121697881299, 1.9448983574550462, 1.9487685706540525, 1.9451311598028032, 1.9489539141234207, 1.401743531098099, 17.55524228571527, 1.954850064135406, 1.9450963946942894, 8.941444312258653, 1.3830940922109538, 1.9492157964953774, 7.262191064325207, 1.9548786668246296, 1.9470402361997667, 1.9468705062359368, 15.999774589052766, 1.9639375041967626, 17.373088079507657, 1.9453108856507886, 1.4242705911600526, 1.946743586864677, 1.9485844396335916, 1.9478241991192076, 1.9506056690764506, 2.088229841887706, 1.9496828532646144, 1.9550174617045788, 1.9474396489314416, 1.9475065621920307, 17.94674658039294, 1.949286807336316, 15.202601549179505, 1.9459424347736918, 1.9476805814382208, 12.497862436890236, 1.9475704253011499, 15.265512026462277, 1.9378312518926741, 17.04130096031112, 16.702715611994613, 15.222026242019114, 1.9494318507061659, 15.811243776252653, 1.9508495609176602, 1.9461767227499862, 1.9458328611610645, 1.9476134021517706, 11.352673427400003, 1.3841708834914759, 1.4119864984045285, 12.86553334520636, 17.24280734920089, 16.463036498443053, 15.25589273777286, 1.9510353524505526, 11.469247294555284, 1.326507707880817, 16.448526506464184, 1.9473443059082685, 15.865570509537111, 1.9467401072665333, 16.35564201709978, 16.521413092693997, 1.952250555059032, 1.947950194954412, 1.9535322344295196, 16.66636646506901, 15.737531485015865, 1.9463110383959783, 11.426457638373133, 15.658170931598274, 16.47757276205955, 15.65040299124854, 16.170223613704135, 11.36945964622232, 1.946439409778232, 1.9547921150136207, 1.918754084870371, 1.9478921735530244, 1.3358963663440184, 1.956518501879187, 1.9495931430674207, 1.9459310142514528, 1.9498415620874372, 15.268469070873921, 1.9482842066647172, 1.9928175691480707, 1.9523394085007106, 1.9464587641772466, 2.0061184675656167, 1.949913599629729, 15.500745581742587, 16.551312994785693, 1.9476288565314366, 1.951339552171439, 16.351859641758793, 1.9459891164696534, 12.584996267706522, 1.9496143737561784, 1.9471615627252437, 17.11964404864508, 12.816426938206083, 1.9554465907467997, 15.266636607788802, 1.9461918981364608, 1.9460405457449816, 15.672890953461863, 1.9600956581129387, 9.442059961024993, 1.9486181570113983, 1.9487044743353132, 1.9525211405554808, 1.9503990304126875, 18.42787385154507, 1.9449376367018405, 1.9503941667327942, 15.56244083650003, 12.750812634122498, 1.868422924691059, 1.9540044732539927, 16.9922358577788, 17.13925998496301, 1.9482780523274654, 1.949083969245195, 1.9446170289993654, 17.23182594140438, 1.9488803026472326, 12.198822955496945, 1.9477871174650923, 1.3847554500596118, 1.9516051012332427, 1.9470526220902953, 1.9511227883533322, 2.6212639093002985, 1.9491195795852179, 15.486534339505985]
[2023-05-23 09:22:48,176][scr.models_trainer][INFO] - Test losses after 150 epochs : [45516364.31854839, 20056830829689.117, 4461557079808198.0, 7.214501154726858e+16, 5.762507057592254e+17, 1.2688584235798976e+18, 2.254422111075599e+19, 4.092623645344021e+19, 7.826444245643965e+19, 3.7849305363125576e+19, 5.468595926265255e+21, 6.849375017439633e+21, 3.7836908687553184e+21, 5.804038423493419e+21, 5.1850195327222165e+22, 3.956576286808684e+22, 1.3609838670651592e+23, 1.1113132690365662e+23, 1.419906562270739e+21, 1.56431155546023e+24, 4.373823459076732e+22, 9.889738428439451e+23, 9.129247368916829e+21, 5.571463697669412e+21, 7.903247708478481e+23, 8.511477613029057e+23, 1.1452384913050747e+23, 2.1352151623528261e+24, 2.6799445759298917e+24, 8.441013360000275e+24, 1.5707739805156105e+23, 2.0775623487410803e+25, 5.773037534647218e+24, 6.487336468536986e+22, 5.514874060927242e+24, 3.864970243396309e+24, 4.629952649181642e+24, 2.3680561311945764e+24, 4.416155447506548e+24, 2.4166460840831678e+24, 1.6130515233250477e+24, 7.731148683784147e+24, 4.83535478716816e+24, 5.736480388296875e+25, 6.681627949540773e+24, 7.3396511849535e+24, 1.5138842425088485e+25, 9.84170387537008e+24, 1.2292977087794664e+25, 1.0142479312228525e+25, 4.864603153488131e+25, 4.497091122040625e+23, 3.290517746785862e+25, 4.103569668186615e+25, 3.1104056856652317e+25, 6.327833435345953e+24, 5.349728851242162e+25, 5.38231253709238e+24, 2.3112770375701915e+25, 1.4864545192437964e+25, 1.460283896599966e+25, 3.7346328266695953e+25, 2.579655048204836e+23, 3.148362262954951e+23, 3.6356035615779996e+25, 7.990232629223625e+25, 1.029987263870193e+26, 2.665092211209906e+25, 8.463817581748025e+24, 2.703244388681258e+25, 6.031934144181079e+23, 5.937053693797954e+25, 2.867610374670268e+25, 9.08433620043729e+25, 2.8932583422868735e+25, 5.340841687697046e+25, 5.809123632483601e+24, 7.937397334872851e+24, 2.095270610833477e+25, 3.1747320244305526e+24, 1.2271881875515466e+26, 6.798319273113388e+25, 3.4937248058426255e+25, 3.360824888115251e+25, 7.608989635748291e+25, 1.1134517592057145e+26, 1.0770231240424027e+26, 9.141183417984196e+25, 3.9268403710964e+25, 3.5421323878371706e+25, 5.024670710132185e+24, 8.352708375977164e+23, 2.9461885563338876e+25, 8.476107799950277e+23, 3.3110178686208433e+24, 2.073956621640741e+25, 4.093091718377423e+25, 2.1366220488827428e+25, 4.333260686242917e+25, 2.7380367781727322e+25, 4.333741645186935e+25, 1.148766336105011e+25, 5.107462553843784e+25, 7.236324406625383e+23, 1.9106853217221425e+25, 8.064955701383657e+25, 1.1780192469883583e+26, 2.7640728338989173e+25, 1.5342372567656157e+25, 1.0362169467796117e+26, 7.365932088205078e+25, 1.344163693422839e+26, 2.5816265277453845e+25, 3.999370424621208e+25, 2.398287902869015e+26, 6.802722160969878e+25, 3.8663517163350763e+24, 2.8771210445107932e+26, 4.308885088687373e+25, 5.971664046860293e+25, 4.597222271326498e+24, 2.807925478668572e+24, 4.240277058738854e+25, 4.0846269324777834e+25, 3.5247741403165675e+25, 1.1883279693965495e+25, 2.0425757615373237e+24, 1.3182130998472372e+26, 9.705410631823712e+25, 3.119259592093188e+25, 1.3758717114873315e+26, 9.070590777070189e+25, 9.669129433120515e+23, 8.243287278376978e+24, 2.3019785288485722e+26, 1.9417886843505588e+26, 4.640745020527613e+25, 4.0553935692468285e+25, 1.153783980545395e+26, 3.101317895620575e+26, 4.153946393728795e+25, 1.7751859928554732e+26, 4.018904906590033e+25, 1.7385544634064811e+24, 2.5266161253692962e+25, 6.756797980051161e+25, 2.979016288354478e+25, 1.9479449260837422e+26, 4.212157648320282e+25, 1.1357144075671507e+26]
[2023-05-23 09:22:48,178][scr.models_trainer][INFO] - Test metrics in 150 epochs : [3.8689549268190753, 3.882070764884829, 13.307979655450305, 3.8653026046707244, 16.604493839570214, 3.878731613417464, 13.271244722124356, 3.8677249980066075, 13.199794210866001, 3.8963512181410698, 13.168141719403376, 13.172339333603205, 3.863558743272798, 3.868619255096298, 3.8528809118466447, 3.8606389734337734, 3.8529472842828865, 3.8614339924420507, 0.0, 13.168141719403376, 3.9013694651561517, 3.852215835041058, 11.518800225335806, 1.3699253503744684, 3.865496275990125, 7.360126276552089, 3.9034423142614996, 3.85744954166499, 3.856958932956744, 13.173511398719555, 3.9022748410435173, 13.187244150404673, 3.8554105760098296, 0.0, 3.855156302851406, 3.862956820415189, 3.8601232768524, 3.8689252611248337, 3.8618822373507946, 3.8699757450192123, 3.8833687213754837, 3.8568041811447955, 3.863759736891271, 13.168141719403376, 3.8624294921619695, 13.53444513877724, 3.852458970064838, 3.859367812850184, 13.540768647908221, 3.8613701360001853, 13.260701936567335, 3.8845780888760713, 13.168141719403376, 13.173441111331748, 13.260132472930648, 3.8671669030709426, 13.177074747528305, 3.8684125180289395, 3.853239645689267, 3.8581553111615916, 3.857273600359554, 14.300641871828457, 0.0, 0.0, 13.321296774212373, 13.168647603033637, 13.169087512780978, 13.33594858804727, 3.870627710344157, 14.233771492794817, 0.0, 13.168141719403376, 3.8563817898009245, 13.176809406121473, 3.856724740043916, 13.171677730303264, 13.204557942048618, 3.8721407796895453, 3.8590635285108403, 3.8908003405776084, 13.221631613728416, 13.181406874949275, 3.8566035481233385, 14.23818082734239, 13.181150703475916, 13.168141719403376, 13.211851632104727, 13.225500081822265, 13.92847313727648, 3.8572111589226514, 3.881550549495611, 3.8756074198259496, 3.859829900070641, 0.0, 3.9052403339853528, 3.8657875359745346, 3.856080279128329, 3.8646830187832406, 13.310546342622775, 3.8605139158986352, 3.854826412756714, 3.875084800220247, 3.8552031251438024, 3.8575901968923727, 3.8642680541051893, 13.18071271669142, 13.16943110962712, 3.86365840657801, 3.8698608570281037, 13.178169784889949, 3.85224876272946, 13.358891081217449, 3.864208476349391, 3.8589435806520753, 13.168141719403376, 13.420271139539059, 3.9049801923878316, 13.17774328424079, 3.8601442686105027, 3.8565574230468442, 13.489270897257976, 3.901993170214957, 11.71235131711017, 3.860258308459705, 3.8630264305547466, 3.8759986313669827, 3.888691889958873, 13.168141719403376, 3.852789732037105, 3.8660749063519986, 13.186984101744434, 13.349751418680189, 3.8595652165317196, 3.885579496052253, 13.168141719403376, 13.169584278945196, 3.8621914884596724, 3.8619265708560326, 3.8506134620354433, 13.168141719403376, 3.861056064154163, 13.548351015911905, 3.8618409805592506, 0.0, 3.8727286895172424, 3.857730892029, 3.8665799290172638, 4.614619603448306, 3.8638143452496934, 13.213499510545294]
