[2023-05-17 22:35:18,396][root][INFO] - Model saved as :2305172235
[2023-05-17 22:35:18,396][root][INFO] - {'_target_': 'model_set.models.UNetFlood', 'classes': 1, 'in_channels': 1, 'dropout': True, 'prob': 0.2}
[2023-05-17 22:35:18,397][root][INFO] - {'_target_': 'torch.optim.Adam', 'maximize': True, 'lr': 1e-06, 'weight_decay': 0.9}
[2023-05-17 22:40:08,483][scr.models_trainer][INFO] - Epoch_0: trainLoss = 56504.59924346108: valLoss = 1111008.6913669913: valMetric = 1.9576734474902373; test_loss = 3222298.869203629; testMetric = 3.8727098349092848
[2023-05-17 22:44:58,585][scr.models_trainer][INFO] - Epoch_1: trainLoss = 757019883418.9559: valLoss = 109220060437.86935: valMetric = 0.9968042613467336; test_loss = 140912505756.90323; testMetric = 0.04816629748075129
[2023-05-17 22:49:51,892][scr.models_trainer][INFO] - Epoch_2: trainLoss = 127110068794425.78: valLoss = 30061971471560.684: valMetric = 1.4280373975562637; test_loss = 5124679662206.624; testMetric = 0.1423450947358105
[2023-05-17 22:54:38,983][scr.models_trainer][INFO] - Epoch_3: trainLoss = 3173787658619542.5: valLoss = 1393162142976751.2: valMetric = 17.90107762555203; test_loss = 1678191181287027.5; testMetric = 9.452264252788435
[2023-05-17 22:59:27,703][scr.models_trainer][INFO] - Epoch_4: trainLoss = 3.477245568845234e+16: valLoss = 2.54052389349355e+16: valMetric = 17.823507719789717; test_loss = 1.771246502107017e+16; testMetric = 9.409639655179916
[2023-05-17 23:04:20,018][scr.models_trainer][INFO] - Epoch_5: trainLoss = 2.2880188452674486e+17: valLoss = 1.0281157833790613e+17: valMetric = 17.8325123434322; test_loss = 1.0276085217720466e+17; testMetric = 9.359481499753837
[2023-05-17 23:09:07,573][scr.models_trainer][INFO] - Epoch_6: trainLoss = 1.1470276884243712e+18: valLoss = 1.7300946388766467e+18: valMetric = 18.3624188155909; test_loss = 1.7139968668114688e+18; testMetric = 13.186424753070934
[2023-05-17 23:13:55,658][scr.models_trainer][INFO] - Epoch_7: trainLoss = 4.638444505513781e+18: valLoss = 8.490085867616055e+18: valMetric = 17.196116818491408; test_loss = 1.0238108206910355e+19; testMetric = 9.417777625928974
[2023-05-17 23:18:48,934][scr.models_trainer][INFO] - Epoch_8: trainLoss = 1.555245965294432e+19: valLoss = 1.567193205117107e+19: valMetric = 16.448398677414854; test_loss = 1.9138235156154e+19; testMetric = 9.373173614803914
[2023-05-17 23:23:36,057][scr.models_trainer][INFO] - Epoch_9: trainLoss = 4.582590034037302e+19: valLoss = 2.961244444969495e+19: valMetric = 17.742913607162222; test_loss = 2.9882273978326565e+19; testMetric = 9.404933188956136
[2023-05-17 23:28:23,928][scr.models_trainer][INFO] - Epoch_10: trainLoss = 1.1710629902059916e+20: valLoss = 8.670025088866908e+20: valMetric = 18.389435922014584; test_loss = 1.8201061892004624e+21; testMetric = 13.168141719403376
[2023-05-17 23:33:16,636][scr.models_trainer][INFO] - Epoch_11: trainLoss = 2.752815796940683e+20: valLoss = 4.8501881008239765e+20: valMetric = 18.357089095413276; test_loss = 5.637481723802167e+20; testMetric = 13.167837592777786
[2023-05-17 23:38:07,615][scr.models_trainer][INFO] - Epoch_12: trainLoss = 5.96356152971076e+20: valLoss = 5.6595079213066886e+20: valMetric = 17.746529389911345; test_loss = 5.786548127654597e+20; testMetric = 9.398261884328642
[2023-05-17 23:42:59,071][scr.models_trainer][INFO] - Epoch_13: trainLoss = 1.290833371046417e+21: valLoss = 1.2124144771758398e+21: valMetric = 17.312480061487474; test_loss = 1.3026367939715662e+21; testMetric = 9.3889230240221
[2023-05-17 23:47:50,373][scr.models_trainer][INFO] - Epoch_14: trainLoss = 2.60154716518323e+21: valLoss = 4.0658417029444277e+21: valMetric = 18.386187577618806; test_loss = 4.65274589010024e+21; testMetric = 13.17022364503824
[2023-05-17 23:52:37,687][scr.models_trainer][INFO] - Epoch_15: trainLoss = 4.848445196407207e+21: valLoss = 5.294728265018626e+21: valMetric = 17.82121317416939; test_loss = 4.844855062822293e+21; testMetric = 9.358064478967979
[2023-05-17 23:57:25,610][scr.models_trainer][INFO] - Epoch_16: trainLoss = 8.288055673050081e+21: valLoss = 1.6063138048706538e+22: valMetric = 18.389435922014584; test_loss = 2.1549646318011366e+22; testMetric = 13.168237312107488
[2023-05-18 00:02:18,279][scr.models_trainer][INFO] - Epoch_17: trainLoss = 1.3985278244877073e+22: valLoss = 1.4224873540453266e+22: valMetric = 17.74734288269017; test_loss = 1.4912370550670734e+22; testMetric = 9.375103620475041
[2023-05-18 00:07:08,088][scr.models_trainer][INFO] - Epoch_18: trainLoss = 2.142102591198925e+22: valLoss = 2.060447476859845e+22: valMetric = 17.43331193016284; test_loss = 2.090135073490118e+22; testMetric = 9.420751414911978
[2023-05-18 00:11:57,741][scr.models_trainer][INFO] - Epoch_19: trainLoss = 3.155573061761621e+22: valLoss = 2.5171511036054713e+23: valMetric = 18.389435922014584; test_loss = 5.028072472052838e+23; testMetric = 13.168141719403376
[2023-05-18 00:16:45,638][scr.models_trainer][INFO] - Epoch_20: trainLoss = 4.468473668569798e+22: valLoss = 4.5330926325915825e+22: valMetric = 17.464148491534857; test_loss = 4.636006756647984e+22; testMetric = 9.390834804097969
[2023-05-18 00:21:37,939][scr.models_trainer][INFO] - Epoch_21: trainLoss = 6.044805880285555e+22: valLoss = 7.844443600241149e+22: valMetric = 18.366313278188468; test_loss = 7.279845559537717e+22; testMetric = 13.176911443072772
[2023-05-18 00:26:25,268][scr.models_trainer][INFO] - Epoch_22: trainLoss = 7.813539815869218e+22: valLoss = 1.5985361259738395e+23: valMetric = 16.469224571449608; test_loss = 1.7460445631901413e+23; testMetric = 9.416027166177479
[2023-05-18 00:31:13,387][scr.models_trainer][INFO] - Epoch_23: trainLoss = 9.727806502303444e+22: valLoss = 8.865453308376737e+22: valMetric = 17.78799996005057; test_loss = 8.990580391006366e+22; testMetric = 9.386828098226356
[2023-05-18 00:36:05,503][scr.models_trainer][INFO] - Epoch_24: trainLoss = 1.2128989687679462e+23: valLoss = 1.6199476310689696e+23: valMetric = 16.448398677414854; test_loss = 1.7992437144152625e+23; testMetric = 9.384321935976109
[2023-05-18 00:40:53,369][scr.models_trainer][INFO] - Epoch_25: trainLoss = 1.4732163802983494e+23: valLoss = 1.502275419380481e+23: valMetric = 17.832422137824334; test_loss = 1.6165102396794074e+23; testMetric = 9.386354734124323
[2023-05-18 00:45:42,278][scr.models_trainer][INFO] - Epoch_26: trainLoss = 1.72253246905686e+23: valLoss = 1.7160679991329273e+23: valMetric = 17.26161178845272; test_loss = 1.8698896011552213e+23; testMetric = 9.384859738836035
[2023-05-18 00:50:29,375][scr.models_trainer][INFO] - Epoch_27: trainLoss = 2.0542457482198177e+23: valLoss = 2.442405342294114e+23: valMetric = 17.828395777914515; test_loss = 2.6035010716738715e+23; testMetric = 9.355567498759639
[2023-05-18 00:55:16,316][scr.models_trainer][INFO] - Epoch_28: trainLoss = 2.388676157717452e+23: valLoss = 2.2686805483876503e+23: valMetric = 17.8283348368429; test_loss = 2.4173604385912165e+23; testMetric = 9.363060647137518
[2023-05-18 01:00:04,428][scr.models_trainer][INFO] - Epoch_29: trainLoss = 2.796681783502698e+23: valLoss = 1.3308359353221587e+24: valMetric = 18.389435922014584; test_loss = 1.739513474051468e+24; testMetric = 13.168141719403376
[2023-05-18 01:04:57,306][scr.models_trainer][INFO] - Epoch_30: trainLoss = 3.239468568737066e+23: valLoss = 2.1828234574752416e+23: valMetric = 17.573493987964664; test_loss = 2.3469439378556975e+23; testMetric = 9.392078805240176
[2023-05-18 01:09:44,598][scr.models_trainer][INFO] - Epoch_31: trainLoss = 3.5587410219369487e+23: valLoss = 4.708606725373547e+24: valMetric = 18.389435922014584; test_loss = 6.961196554320918e+24; testMetric = 13.168141719403376
[2023-05-18 01:14:32,748][scr.models_trainer][INFO] - Epoch_32: trainLoss = 4.071546931060051e+23: valLoss = 4.56736290655694e+23: valMetric = 18.50503659689624; test_loss = 4.497395259324364e+23; testMetric = 13.150091239170608
[2023-05-18 01:19:25,451][scr.models_trainer][INFO] - Epoch_33: trainLoss = 4.5003735720988835e+23: valLoss = 5.4823267070582344e+23: valMetric = 16.448398677414854; test_loss = 6.146384785913456e+23; testMetric = 9.386011756683773
[2023-05-18 01:24:14,356][scr.models_trainer][INFO] - Epoch_34: trainLoss = 4.951939397528897e+23: valLoss = 5.005306710358453e+23: valMetric = 18.543568234769964; test_loss = 4.259911021500866e+23; testMetric = 13.164851149915272
[2023-05-18 01:29:02,844][scr.models_trainer][INFO] - Epoch_35: trainLoss = 5.3600986747181005e+23: valLoss = 4.765319118227359e+23: valMetric = 17.786706652327616; test_loss = 5.283853924757256e+23; testMetric = 9.361447798108973
[2023-05-18 01:33:56,346][scr.models_trainer][INFO] - Epoch_36: trainLoss = 5.6996517541807176e+23: valLoss = 4.557715442650843e+23: valMetric = 17.831708743599112; test_loss = 4.94909733155398e+23; testMetric = 9.381953720684303
[2023-05-18 01:38:45,092][scr.models_trainer][INFO] - Epoch_37: trainLoss = 5.98041572500125e+23: valLoss = 5.7433534818587114e+23: valMetric = 16.448398677414854; test_loss = 6.339614867854817e+23; testMetric = 9.391657679215864
[2023-05-18 01:43:33,222][scr.models_trainer][INFO] - Epoch_38: trainLoss = 6.381653068660671e+23: valLoss = 6.554888089364138e+23: valMetric = 17.831647994468554; test_loss = 7.33480264971545e+23; testMetric = 9.360467537692656
[2023-05-18 01:48:26,077][scr.models_trainer][INFO] - Epoch_39: trainLoss = 6.722851900446819e+23: valLoss = 7.389074163311559e+23: valMetric = 17.35662056417988; test_loss = 8.610252423290842e+23; testMetric = 9.375403150989074
[2023-05-18 01:53:14,399][scr.models_trainer][INFO] - Epoch_40: trainLoss = 7.08758621131606e+23: valLoss = 6.961060673659787e+23: valMetric = 17.66989425050655; test_loss = 7.776947250611983e+23; testMetric = 9.385383212954949
[2023-05-18 01:58:01,531][scr.models_trainer][INFO] - Epoch_41: trainLoss = 7.530809887952992e+23: valLoss = 6.385905651439064e+23: valMetric = 17.821234923681434; test_loss = 5.9476549613755314e+23; testMetric = 9.353156673035645
[2023-05-18 02:02:53,817][scr.models_trainer][INFO] - Epoch_42: trainLoss = 8.017761572074397e+23: valLoss = 7.707185062158357e+23: valMetric = 17.825709183928044; test_loss = 8.148177495751738e+23; testMetric = 9.371276034669146
[2023-05-18 02:07:41,527][scr.models_trainer][INFO] - Epoch_43: trainLoss = 8.39813834589169e+23: valLoss = 1.1541465455654878e+25: valMetric = 18.389435922014584; test_loss = 2.125059450831798e+25; testMetric = 13.168141719403376
[2023-05-18 02:12:28,249][scr.models_trainer][INFO] - Epoch_44: trainLoss = 8.704627518487332e+23: valLoss = 7.706624832695948e+23: valMetric = 17.827430927370123; test_loss = 7.936753398188531e+23; testMetric = 9.359202557674077
[2023-05-18 02:17:14,784][scr.models_trainer][INFO] - Epoch_45: trainLoss = 9.180207583488764e+23: valLoss = 1.216937190003317e+24: valMetric = 16.448398677414854; test_loss = 1.5128252296133115e+24; testMetric = 9.367772320507159
[2023-05-18 02:22:07,882][scr.models_trainer][INFO] - Epoch_46: trainLoss = 9.752701320055322e+23: valLoss = 8.595913028177299e+23: valMetric = 17.821076274384072; test_loss = 6.765940510169636e+23; testMetric = 13.192976474230829
[2023-05-18 02:26:58,174][scr.models_trainer][INFO] - Epoch_47: trainLoss = 1.0225964005660496e+24: valLoss = 1.1352369358611762e+24: valMetric = 17.82130029900435; test_loss = 1.0903859168781744e+24; testMetric = 9.35674714963897
[2023-05-18 02:31:45,874][scr.models_trainer][INFO] - Epoch_48: trainLoss = 1.0635589689970049e+24: valLoss = 8.836024018909894e+23: valMetric = 17.82107808038021; test_loss = 7.65313837921533e+23; testMetric = 9.365017436097503
[2023-05-18 02:36:38,001][scr.models_trainer][INFO] - Epoch_49: trainLoss = 1.1301363908277117e+24: valLoss = 1.1511226019345632e+24: valMetric = 17.837554957122208; test_loss = 1.3295598211178174e+24; testMetric = 9.371556712928918
[2023-05-18 02:36:38,001][scr.models_trainer][INFO] - Train losses after 50 epochs : [56504.59924346108, 757019883418.9559, 127110068794425.78, 3173787658619542.5, 3.477245568845234e+16, 2.2880188452674486e+17, 1.1470276884243712e+18, 4.638444505513781e+18, 1.555245965294432e+19, 4.582590034037302e+19, 1.1710629902059916e+20, 2.752815796940683e+20, 5.96356152971076e+20, 1.290833371046417e+21, 2.60154716518323e+21, 4.848445196407207e+21, 8.288055673050081e+21, 1.3985278244877073e+22, 2.142102591198925e+22, 3.155573061761621e+22, 4.468473668569798e+22, 6.044805880285555e+22, 7.813539815869218e+22, 9.727806502303444e+22, 1.2128989687679462e+23, 1.4732163802983494e+23, 1.72253246905686e+23, 2.0542457482198177e+23, 2.388676157717452e+23, 2.796681783502698e+23, 3.239468568737066e+23, 3.5587410219369487e+23, 4.071546931060051e+23, 4.5003735720988835e+23, 4.951939397528897e+23, 5.3600986747181005e+23, 5.6996517541807176e+23, 5.98041572500125e+23, 6.381653068660671e+23, 6.722851900446819e+23, 7.08758621131606e+23, 7.530809887952992e+23, 8.017761572074397e+23, 8.39813834589169e+23, 8.704627518487332e+23, 9.180207583488764e+23, 9.752701320055322e+23, 1.0225964005660496e+24, 1.0635589689970049e+24, 1.1301363908277117e+24]
[2023-05-18 02:36:38,002][scr.models_trainer][INFO] - Validation losses after 50 epochs : [1111008.6913669913, 109220060437.86935, 30061971471560.684, 1393162142976751.2, 2.54052389349355e+16, 1.0281157833790613e+17, 1.7300946388766467e+18, 8.490085867616055e+18, 1.567193205117107e+19, 2.961244444969495e+19, 8.670025088866908e+20, 4.8501881008239765e+20, 5.6595079213066886e+20, 1.2124144771758398e+21, 4.0658417029444277e+21, 5.294728265018626e+21, 1.6063138048706538e+22, 1.4224873540453266e+22, 2.060447476859845e+22, 2.5171511036054713e+23, 4.5330926325915825e+22, 7.844443600241149e+22, 1.5985361259738395e+23, 8.865453308376737e+22, 1.6199476310689696e+23, 1.502275419380481e+23, 1.7160679991329273e+23, 2.442405342294114e+23, 2.2686805483876503e+23, 1.3308359353221587e+24, 2.1828234574752416e+23, 4.708606725373547e+24, 4.56736290655694e+23, 5.4823267070582344e+23, 5.005306710358453e+23, 4.765319118227359e+23, 4.557715442650843e+23, 5.7433534818587114e+23, 6.554888089364138e+23, 7.389074163311559e+23, 6.961060673659787e+23, 6.385905651439064e+23, 7.707185062158357e+23, 1.1541465455654878e+25, 7.706624832695948e+23, 1.216937190003317e+24, 8.595913028177299e+23, 1.1352369358611762e+24, 8.836024018909894e+23, 1.1511226019345632e+24]
[2023-05-18 02:36:38,003][scr.models_trainer][INFO] - Test losses after 50 epochs : [3222298.869203629, 140912505756.90323, 5124679662206.624, 1678191181287027.5, 1.771246502107017e+16, 1.0276085217720466e+17, 1.7139968668114688e+18, 1.0238108206910355e+19, 1.9138235156154e+19, 2.9882273978326565e+19, 1.8201061892004624e+21, 5.637481723802167e+20, 5.786548127654597e+20, 1.3026367939715662e+21, 4.65274589010024e+21, 4.844855062822293e+21, 2.1549646318011366e+22, 1.4912370550670734e+22, 2.090135073490118e+22, 5.028072472052838e+23, 4.636006756647984e+22, 7.279845559537717e+22, 1.7460445631901413e+23, 8.990580391006366e+22, 1.7992437144152625e+23, 1.6165102396794074e+23, 1.8698896011552213e+23, 2.6035010716738715e+23, 2.4173604385912165e+23, 1.739513474051468e+24, 2.3469439378556975e+23, 6.961196554320918e+24, 4.497395259324364e+23, 6.146384785913456e+23, 4.259911021500866e+23, 5.283853924757256e+23, 4.94909733155398e+23, 6.339614867854817e+23, 7.33480264971545e+23, 8.610252423290842e+23, 7.776947250611983e+23, 5.9476549613755314e+23, 8.148177495751738e+23, 2.125059450831798e+25, 7.936753398188531e+23, 1.5128252296133115e+24, 6.765940510169636e+23, 1.0903859168781744e+24, 7.65313837921533e+23, 1.3295598211178174e+24]
