[2023-05-18 14:47:46,378][root][INFO] - Model saved as :2305181447
[2023-05-18 14:47:46,379][root][INFO] - {'_target_': 'model_set.models.UNetFlood', 'classes': 1, 'in_channels': 1, 'dropout': True, 'prob': 0.1}
[2023-05-18 14:47:46,379][root][INFO] - {'_target_': 'torch.optim.Adam', 'maximize': True, 'lr': 5e-06, 'weight_decay': 0.9}
[2023-05-18 14:52:53,941][scr.models_trainer][INFO] - Epoch_0: trainLoss = 4.067947028821685e+18: valLoss = 3.2053677987514383e+18: valMetric = 16.65761853098998; test_loss = 6.117424956050596e+18; testMetric = 9.34024569239098
[2023-05-18 14:57:55,416][scr.models_trainer][INFO] - Epoch_1: trainLoss = 4.851449470320113e+21: valLoss = 7.359497767152257e+21: valMetric = 16.971678077607635; test_loss = 9.51080639713785e+21; testMetric = 9.34024569239098
[2023-05-18 15:02:57,955][scr.models_trainer][INFO] - Epoch_2: trainLoss = 7.374554102798675e+22: valLoss = 2.6505916396045087e+22: valMetric = 18.311601202765527; test_loss = 4.384727799220512e+22; testMetric = 13.171018886908985
[2023-05-18 15:08:02,298][scr.models_trainer][INFO] - Epoch_3: trainLoss = 2.3865906552724543e+23: valLoss = 1.9102829455274752e+23: valMetric = 18.385305403675126; test_loss = 2.6079313057262802e+23; testMetric = 13.173750161303087
[2023-05-18 15:13:02,970][scr.models_trainer][INFO] - Epoch_4: trainLoss = 4.8260885431101326e+23: valLoss = 4.931933509026292e+22: valMetric = 17.667352176685043; test_loss = 8.592010439006126e+22; testMetric = 13.175896298701785
[2023-05-18 15:18:01,255][scr.models_trainer][INFO] - Epoch_5: trainLoss = 6.953463675658373e+23: valLoss = 6.915794633220082e+22: valMetric = 18.382240745255686; test_loss = 1.1497159605510427e+23; testMetric = 13.178543116103961
[2023-05-18 15:23:08,818][scr.models_trainer][INFO] - Epoch_6: trainLoss = 9.181191669161109e+23: valLoss = 2.1484615649997545e+23: valMetric = 18.469123875999855; test_loss = 3.598011923769868e+23; testMetric = 13.16928113951181
[2023-05-18 15:28:08,738][scr.models_trainer][INFO] - Epoch_7: trainLoss = 1.1866670639596208e+24: valLoss = 7.669296920312814e+23: valMetric = 18.389435922014584; test_loss = 1.1303468783051316e+24; testMetric = 13.168141719403376
[2023-05-18 15:33:10,050][scr.models_trainer][INFO] - Epoch_8: trainLoss = 1.4267460216059983e+24: valLoss = 7.597272455115844e+23: valMetric = 18.384077546992142; test_loss = 1.0578857076005441e+24; testMetric = 13.174844174109932
[2023-05-18 15:38:18,346][scr.models_trainer][INFO] - Epoch_9: trainLoss = 1.7109348108956775e+24: valLoss = 1.7264156975431017e+23: valMetric = 18.493939520953393; test_loss = 2.6113405572783908e+23; testMetric = 13.181445291791949
[2023-05-18 15:43:18,471][scr.models_trainer][INFO] - Epoch_10: trainLoss = 1.9982378967602202e+24: valLoss = 2.393746910342377e+24: valMetric = 18.314226850382063; test_loss = 3.160116029802879e+24; testMetric = 13.168141719403376
[2023-05-18 15:48:18,079][scr.models_trainer][INFO] - Epoch_11: trainLoss = 2.2708271390355024e+24: valLoss = 1.0750284582553847e+24: valMetric = 18.39737278207655; test_loss = 1.646674449941571e+24; testMetric = 13.169512975772161
[2023-05-18 15:53:19,904][scr.models_trainer][INFO] - Epoch_12: trainLoss = 2.549690402790494e+24: valLoss = 2.458180008016649e+23: valMetric = 18.516146268792728; test_loss = 4.272623583014701e+23; testMetric = 13.17419572489701
[2023-05-18 15:58:22,806][scr.models_trainer][INFO] - Epoch_13: trainLoss = 2.959833519873186e+24: valLoss = 4.222136866673829e+23: valMetric = 18.413762388283587; test_loss = 6.730753132775505e+23; testMetric = 13.177194956923733
[2023-05-18 16:03:32,862][scr.models_trainer][INFO] - Epoch_14: trainLoss = 3.301412404597997e+24: valLoss = 7.487746406513285e+23: valMetric = 18.35365705951785; test_loss = 1.2805696120714144e+24; testMetric = 13.168176239781609
[2023-05-18 16:08:40,620][scr.models_trainer][INFO] - Epoch_15: trainLoss = 3.5114095240198944e+24: valLoss = 3.487728192854819e+23: valMetric = 18.40401793747711; test_loss = 5.864589123853849e+23; testMetric = 13.173260501671342
[2023-05-18 16:13:41,972][scr.models_trainer][INFO] - Epoch_16: trainLoss = 3.7193459929777875e+24: valLoss = 8.243708080691681e+23: valMetric = 18.326177957739084; test_loss = 1.4077073642654866e+24; testMetric = 13.168141719403376
[2023-05-18 16:18:44,461][scr.models_trainer][INFO] - Epoch_17: trainLoss = 3.989698999634227e+24: valLoss = 3.3686392916675854e+23: valMetric = 18.38160221243535; test_loss = 5.523299211939529e+23; testMetric = 13.183912601720229
[2023-05-18 16:23:53,133][scr.models_trainer][INFO] - Epoch_18: trainLoss = 4.191246385897824e+24: valLoss = 5.085126140785309e+23: valMetric = 17.853595690029035; test_loss = 6.845832112974892e+23; testMetric = 9.34024569239098
[2023-05-18 16:28:53,642][scr.models_trainer][INFO] - Epoch_19: trainLoss = 4.5044934570885587e+24: valLoss = 5.896790682718565e+24: valMetric = 18.361855974627115; test_loss = 8.114462368513883e+24; testMetric = 13.168141719403376
[2023-05-18 16:33:55,669][scr.models_trainer][INFO] - Epoch_20: trainLoss = 4.807630439132442e+24: valLoss = 4.177259885430731e+23: valMetric = 18.49165992934568; test_loss = 6.369129112129701e+23; testMetric = 13.182924595407206
[2023-05-18 16:38:59,747][scr.models_trainer][INFO] - Epoch_21: trainLoss = 5.117611708636204e+24: valLoss = 1.0396810657498561e+24: valMetric = 17.089574715768734; test_loss = 1.2681537876038916e+24; testMetric = 13.169901798038188
[2023-05-18 16:44:01,061][scr.models_trainer][INFO] - Epoch_22: trainLoss = 5.261940926141305e+24: valLoss = 3.5818151763460103e+24: valMetric = 17.015688014411005; test_loss = 4.3282902175171004e+24; testMetric = 9.34024569239098
[2023-05-18 16:49:00,600][scr.models_trainer][INFO] - Epoch_23: trainLoss = 5.503163823710667e+24: valLoss = 4.893643952222777e+23: valMetric = 17.854856173239902; test_loss = 6.734432591558347e+23; testMetric = 12.576525635086664
[2023-05-18 16:54:05,927][scr.models_trainer][INFO] - Epoch_24: trainLoss = 6.012704244021578e+24: valLoss = 1.268596211323706e+24: valMetric = 18.399449429294695; test_loss = 1.9288393318200728e+24; testMetric = 13.175604472828192
[2023-05-18 16:59:02,945][scr.models_trainer][INFO] - Epoch_25: trainLoss = 6.331280787185161e+24: valLoss = 1.3338841973579588e+24: valMetric = 18.447033073697604; test_loss = 2.1843632816759135e+24; testMetric = 13.174630632864027
[2023-05-18 17:03:58,302][scr.models_trainer][INFO] - Epoch_26: trainLoss = 6.502058284289389e+24: valLoss = 1.1274788579637639e+24: valMetric = 18.38017533258478; test_loss = 1.6831960591124303e+24; testMetric = 13.176993242338533
[2023-05-18 17:08:58,158][scr.models_trainer][INFO] - Epoch_27: trainLoss = 6.823495366452372e+24: valLoss = 1.8265552418270222e+24: valMetric = 18.395347898728843; test_loss = 2.9326846127827034e+24; testMetric = 13.16974710523989
[2023-05-18 17:13:54,493][scr.models_trainer][INFO] - Epoch_28: trainLoss = 7.088938294232576e+24: valLoss = 1.4872908700359052e+24: valMetric = 18.51203936218576; test_loss = 2.519344231234511e+24; testMetric = 13.169583784364757
[2023-05-18 17:18:49,819][scr.models_trainer][INFO] - Epoch_29: trainLoss = 7.426831934163222e+24: valLoss = 1.4832748078750257e+25: valMetric = 18.05310277383228; test_loss = 1.9186022035748645e+24; testMetric = 13.17383759632186
[2023-05-18 17:23:55,965][scr.models_trainer][INFO] - Epoch_30: trainLoss = 7.913197532056694e+24: valLoss = 7.722516069586287e+23: valMetric = 18.394865211256302; test_loss = 1.1287859851048868e+24; testMetric = 13.178122187292463
[2023-05-18 17:28:54,793][scr.models_trainer][INFO] - Epoch_31: trainLoss = 7.982994652757835e+24: valLoss = 2.924898347946142e+25: valMetric = 17.473544010453857; test_loss = 7.403469257542284e+24; testMetric = 13.172658587743209
[2023-05-18 17:33:50,751][scr.models_trainer][INFO] - Epoch_32: trainLoss = 8.396560237805027e+24: valLoss = 2.2709837687290156e+24: valMetric = 18.45047544394962; test_loss = 3.7611634150764853e+24; testMetric = 13.168141719403376
[2023-05-18 17:38:52,037][scr.models_trainer][INFO] - Epoch_33: trainLoss = 8.75893524860254e+24: valLoss = 2.5136016982197874e+24: valMetric = 18.382659500900616; test_loss = 3.406607075988041e+24; testMetric = 13.153592606064846
[2023-05-18 17:43:50,528][scr.models_trainer][INFO] - Epoch_34: trainLoss = 9.006555169634348e+24: valLoss = 9.05973541021693e+23: valMetric = 17.23597000644689; test_loss = 1.467855056014728e+24; testMetric = 13.17229297445986
[2023-05-18 17:48:47,082][scr.models_trainer][INFO] - Epoch_35: trainLoss = 9.685902643458945e+24: valLoss = 1.5718681720690643e+24: valMetric = 18.534083474428964; test_loss = 2.5768389514256083e+24; testMetric = 13.176735043011174
[2023-05-18 17:53:47,972][scr.models_trainer][INFO] - Epoch_36: trainLoss = 1.0081036442210596e+25: valLoss = 1.6021809509918985e+24: valMetric = 18.36375854652402; test_loss = 2.678124728063405e+24; testMetric = 13.1734686426411
[2023-05-18 17:58:45,489][scr.models_trainer][INFO] - Epoch_37: trainLoss = 1.0335917772527834e+25: valLoss = 1.4267683733448847e+24: valMetric = 18.401597019308785; test_loss = 2.21238713936299e+24; testMetric = 13.179839251886207
[2023-05-18 18:03:40,954][scr.models_trainer][INFO] - Epoch_38: trainLoss = 1.0708520080547071e+25: valLoss = 2.509368996084628e+24: valMetric = 18.40242390495504; test_loss = 3.8385435262521425e+24; testMetric = 13.175138682317032
[2023-05-18 18:08:36,497][scr.models_trainer][INFO] - Epoch_39: trainLoss = 1.0883626676891304e+25: valLoss = 3.0577556028582897e+24: valMetric = 18.394452272126866; test_loss = 4.5706602744271893e+24; testMetric = 13.175489966641603
[2023-05-18 18:13:31,012][scr.models_trainer][INFO] - Epoch_40: trainLoss = 1.1171562459068616e+25: valLoss = 2.4977341464614545e+24: valMetric = 18.393012875640622; test_loss = 3.834305448786235e+24; testMetric = 13.176698809490983
[2023-05-18 18:18:26,907][scr.models_trainer][INFO] - Epoch_41: trainLoss = 1.1489179588576478e+25: valLoss = 1.1756191635310272e+24: valMetric = 17.261019259178873; test_loss = 1.9424667853610227e+24; testMetric = 13.173425761100932
[2023-05-18 18:23:27,780][scr.models_trainer][INFO] - Epoch_42: trainLoss = 1.2204479500466603e+25: valLoss = 2.1634285606029584e+24: valMetric = 18.517164546797627; test_loss = 3.5051918539064546e+24; testMetric = 13.173907205645383
[2023-05-18 18:28:25,733][scr.models_trainer][INFO] - Epoch_43: trainLoss = 1.2334847986540412e+25: valLoss = 3.3356041198703316e+25: valMetric = 18.364220181232493; test_loss = 2.0745456548548376e+25; testMetric = 13.168141719403376
[2023-05-18 18:33:21,853][scr.models_trainer][INFO] - Epoch_44: trainLoss = 1.2502164599935739e+25: valLoss = 1.0352990015576634e+24: valMetric = 17.744496370854215; test_loss = 1.7722820229037471e+24; testMetric = 13.176070578632542
[2023-05-18 18:38:22,323][scr.models_trainer][INFO] - Epoch_45: trainLoss = 1.2844251990037287e+25: valLoss = 5.304875996386715e+24: valMetric = 18.39872300361452; test_loss = 7.790128605660811e+24; testMetric = 13.172911287800112
[2023-05-18 18:43:19,864][scr.models_trainer][INFO] - Epoch_46: trainLoss = 1.3297279499730698e+25: valLoss = 2.7939813933906556e+24: valMetric = 16.937028341051832; test_loss = 2.7095140380044614e+24; testMetric = 13.17099765070912
[2023-05-18 18:48:16,809][scr.models_trainer][INFO] - Epoch_47: trainLoss = 1.379576063465862e+25: valLoss = 1.8645232439679536e+24: valMetric = 18.39287627431519; test_loss = 3.1788843126818807e+24; testMetric = 13.174016237459178
[2023-05-18 18:53:17,087][scr.models_trainer][INFO] - Epoch_48: trainLoss = 1.3866963524747965e+25: valLoss = 1.913949053731336e+24: valMetric = 18.44900690406382; test_loss = 3.181929837741274e+24; testMetric = 13.171888473937154
[2023-05-18 18:58:13,571][scr.models_trainer][INFO] - Epoch_49: trainLoss = 1.4385191866051785e+25: valLoss = 4.5285151324749997e+24: valMetric = 18.402079593868176; test_loss = 7.128544602810426e+24; testMetric = 13.169599733085425
[2023-05-18 18:58:13,572][scr.models_trainer][INFO] - Train losses after 50 epochs : [4.067947028821685e+18, 4.851449470320113e+21, 7.374554102798675e+22, 2.3865906552724543e+23, 4.8260885431101326e+23, 6.953463675658373e+23, 9.181191669161109e+23, 1.1866670639596208e+24, 1.4267460216059983e+24, 1.7109348108956775e+24, 1.9982378967602202e+24, 2.2708271390355024e+24, 2.549690402790494e+24, 2.959833519873186e+24, 3.301412404597997e+24, 3.5114095240198944e+24, 3.7193459929777875e+24, 3.989698999634227e+24, 4.191246385897824e+24, 4.5044934570885587e+24, 4.807630439132442e+24, 5.117611708636204e+24, 5.261940926141305e+24, 5.503163823710667e+24, 6.012704244021578e+24, 6.331280787185161e+24, 6.502058284289389e+24, 6.823495366452372e+24, 7.088938294232576e+24, 7.426831934163222e+24, 7.913197532056694e+24, 7.982994652757835e+24, 8.396560237805027e+24, 8.75893524860254e+24, 9.006555169634348e+24, 9.685902643458945e+24, 1.0081036442210596e+25, 1.0335917772527834e+25, 1.0708520080547071e+25, 1.0883626676891304e+25, 1.1171562459068616e+25, 1.1489179588576478e+25, 1.2204479500466603e+25, 1.2334847986540412e+25, 1.2502164599935739e+25, 1.2844251990037287e+25, 1.3297279499730698e+25, 1.379576063465862e+25, 1.3866963524747965e+25, 1.4385191866051785e+25]
[2023-05-18 18:58:13,574][scr.models_trainer][INFO] - Validation losses after 50 epochs : [3.2053677987514383e+18, 7.359497767152257e+21, 2.6505916396045087e+22, 1.9102829455274752e+23, 4.931933509026292e+22, 6.915794633220082e+22, 2.1484615649997545e+23, 7.669296920312814e+23, 7.597272455115844e+23, 1.7264156975431017e+23, 2.393746910342377e+24, 1.0750284582553847e+24, 2.458180008016649e+23, 4.222136866673829e+23, 7.487746406513285e+23, 3.487728192854819e+23, 8.243708080691681e+23, 3.3686392916675854e+23, 5.085126140785309e+23, 5.896790682718565e+24, 4.177259885430731e+23, 1.0396810657498561e+24, 3.5818151763460103e+24, 4.893643952222777e+23, 1.268596211323706e+24, 1.3338841973579588e+24, 1.1274788579637639e+24, 1.8265552418270222e+24, 1.4872908700359052e+24, 1.4832748078750257e+25, 7.722516069586287e+23, 2.924898347946142e+25, 2.2709837687290156e+24, 2.5136016982197874e+24, 9.05973541021693e+23, 1.5718681720690643e+24, 1.6021809509918985e+24, 1.4267683733448847e+24, 2.509368996084628e+24, 3.0577556028582897e+24, 2.4977341464614545e+24, 1.1756191635310272e+24, 2.1634285606029584e+24, 3.3356041198703316e+25, 1.0352990015576634e+24, 5.304875996386715e+24, 2.7939813933906556e+24, 1.8645232439679536e+24, 1.913949053731336e+24, 4.5285151324749997e+24]
[2023-05-18 18:58:13,575][scr.models_trainer][INFO] - Test losses after 50 epochs : [6.117424956050596e+18, 9.51080639713785e+21, 4.384727799220512e+22, 2.6079313057262802e+23, 8.592010439006126e+22, 1.1497159605510427e+23, 3.598011923769868e+23, 1.1303468783051316e+24, 1.0578857076005441e+24, 2.6113405572783908e+23, 3.160116029802879e+24, 1.646674449941571e+24, 4.272623583014701e+23, 6.730753132775505e+23, 1.2805696120714144e+24, 5.864589123853849e+23, 1.4077073642654866e+24, 5.523299211939529e+23, 6.845832112974892e+23, 8.114462368513883e+24, 6.369129112129701e+23, 1.2681537876038916e+24, 4.3282902175171004e+24, 6.734432591558347e+23, 1.9288393318200728e+24, 2.1843632816759135e+24, 1.6831960591124303e+24, 2.9326846127827034e+24, 2.519344231234511e+24, 1.9186022035748645e+24, 1.1287859851048868e+24, 7.403469257542284e+24, 3.7611634150764853e+24, 3.406607075988041e+24, 1.467855056014728e+24, 2.5768389514256083e+24, 2.678124728063405e+24, 2.21238713936299e+24, 3.8385435262521425e+24, 4.5706602744271893e+24, 3.834305448786235e+24, 1.9424667853610227e+24, 3.5051918539064546e+24, 2.0745456548548376e+25, 1.7722820229037471e+24, 7.790128605660811e+24, 2.7095140380044614e+24, 3.1788843126818807e+24, 3.181929837741274e+24, 7.128544602810426e+24]
