[2023-05-22 08:27:17,867][root][INFO] - Model saved as :2305220827
[2023-05-22 08:27:17,868][root][INFO] - {'_target_': 'model_set.models.UNetFlood', 'classes': 1, 'in_channels': 1, 'dropout': True, 'prob': 0.3}
[2023-05-22 08:27:17,868][root][INFO] - {'_target_': 'torch.optim.Adam', 'maximize': True, 'lr': 0.0001, 'weight_decay': 0.9}
[2023-05-22 08:32:11,838][scr.models_trainer][INFO] - Epoch_0: trainLoss = 3.2476097381306635e+24: valLoss = 2.859588013805825e+24: valMetric = 1.9598195339993507; test_loss = 6.516821982219112e+24; testMetric = 3.8893124252649955
[2023-05-22 08:37:01,974][scr.models_trainer][INFO] - Epoch_1: trainLoss = 9.85561601379018e+24: valLoss = 6.050798715623276e+24: valMetric = 1.9661353035453806; test_loss = 1.4478321472184556e+25; testMetric = 3.895108710196513
[2023-05-22 08:41:54,110][scr.models_trainer][INFO] - Epoch_2: trainLoss = 1.4735559987740917e+25: valLoss = 1.318369811663363e+25: valMetric = 1.955491464976054; test_loss = 2.7591130998611636e+25; testMetric = 3.8812285960085746
[2023-05-22 08:46:37,010][scr.models_trainer][INFO] - Epoch_3: trainLoss = 1.8096203229989462e+25: valLoss = 1.5518045488752863e+25: valMetric = 1.9512231654322698; test_loss = 3.976215874076317e+25; testMetric = 3.875420768917536
[2023-05-22 08:51:18,301][scr.models_trainer][INFO] - Epoch_4: trainLoss = 2.1950154002440563e+25: valLoss = 1.802355004987424e+25: valMetric = 1.962522105817496; test_loss = 3.193309676155201e+25; testMetric = 3.8959724569914425
[2023-05-22 08:56:07,999][scr.models_trainer][INFO] - Epoch_5: trainLoss = 2.5423196903353184e+25: valLoss = 1.8479572609755468e+25: valMetric = 1.967131667658308; test_loss = 2.9937349675330568e+25; testMetric = 3.9032779709256493
[2023-05-22 09:01:16,745][scr.models_trainer][INFO] - Epoch_6: trainLoss = 2.905667883035211e+25: valLoss = 2.789900838040939e+25: valMetric = 1.956470941287322; test_loss = 5.857277844239122e+25; testMetric = 3.8843303702413845
[2023-05-22 09:06:16,854][scr.models_trainer][INFO] - Epoch_7: trainLoss = 3.2867813080235484e+25: valLoss = 3.6261558439459767e+25: valMetric = 15.057718010978125; test_loss = 9.437397948880944e+25; testMetric = 13.31979747539691
[2023-05-22 09:11:15,010][scr.models_trainer][INFO] - Epoch_8: trainLoss = 3.539850838818505e+25: valLoss = 3.7332120323210035e+25: valMetric = 1.9540794477804948; test_loss = 8.829549860782096e+25; testMetric = 3.8801134094681813
[2023-05-22 09:16:06,622][scr.models_trainer][INFO] - Epoch_9: trainLoss = 3.90202310714621e+25: valLoss = 2.3547127128203837e+25: valMetric = 1.9704582937874144; test_loss = 3.7076885478647837e+25; testMetric = 3.9075988113539255
[2023-05-22 09:20:55,939][scr.models_trainer][INFO] - Epoch_10: trainLoss = 4.245405314577189e+25: valLoss = 1.4545128548326649e+26: valMetric = 12.15839788392567; test_loss = 3.3719944896865295e+26; testMetric = 14.629215598627217
[2023-05-22 09:25:52,255][scr.models_trainer][INFO] - Epoch_11: trainLoss = 4.575772063565596e+25: valLoss = 8.120128541010493e+25: valMetric = 1.9552939081488054; test_loss = 1.8073665304737277e+26; testMetric = 3.879945842368769
[2023-05-22 09:30:43,991][scr.models_trainer][INFO] - Epoch_12: trainLoss = 4.7781731822567405e+25: valLoss = 3.6215720866147773e+25: valMetric = 1.9639306758889554; test_loss = 6.152497934081819e+25; testMetric = 3.8990318023525337
[2023-05-22 09:35:33,285][scr.models_trainer][INFO] - Epoch_13: trainLoss = 5.293031235687879e+25: valLoss = 3.7031189766417063e+25: valMetric = 1.962140381737832; test_loss = 6.64216648402402e+25; testMetric = 3.896458733999737
[2023-05-22 09:40:29,979][scr.models_trainer][INFO] - Epoch_14: trainLoss = 5.7387454010285325e+25: valLoss = 7.2325981487857435e+25: valMetric = 1.9576053937073516; test_loss = 1.4635172941971985e+26; testMetric = 3.8855396963247184
[2023-05-22 09:45:20,349][scr.models_trainer][INFO] - Epoch_15: trainLoss = 6.01834519650567e+25: valLoss = 4.226781681689369e+25: valMetric = 1.960826127107725; test_loss = 7.4541472723111695e+25; testMetric = 3.894129600217103
[2023-05-22 09:50:11,221][scr.models_trainer][INFO] - Epoch_16: trainLoss = 6.293475539712177e+25: valLoss = 8.525316678836656e+25: valMetric = 1.9645937665582562; test_loss = 1.70775816580059e+26; testMetric = 3.882239586432697
[2023-05-22 09:55:07,451][scr.models_trainer][INFO] - Epoch_17: trainLoss = 6.724500611291748e+25: valLoss = 5.333960556321332e+25: valMetric = 1.9631442446125003; test_loss = 9.334137036477031e+25; testMetric = 3.897459703646113
[2023-05-22 10:00:03,057][scr.models_trainer][INFO] - Epoch_18: trainLoss = 6.896909762363222e+25: valLoss = 3.5363911625135954e+25: valMetric = 1.9756102760190652; test_loss = 5.334137980281958e+25; testMetric = 3.912312701389334
[2023-05-22 10:04:52,939][scr.models_trainer][INFO] - Epoch_19: trainLoss = 7.345433785693796e+25: valLoss = 2.989777176234903e+26: valMetric = 17.169611713415563; test_loss = 6.961189847037353e+26; testMetric = 13.170202840561856
[2023-05-22 10:09:48,809][scr.models_trainer][INFO] - Epoch_20: trainLoss = 7.714853538607686e+25: valLoss = 5.40743513607831e+25: valMetric = 1.9709715772254521; test_loss = 8.345457226022744e+25; testMetric = 3.907962206461496
[2023-05-22 10:14:39,595][scr.models_trainer][INFO] - Epoch_21: trainLoss = 8.043019626876886e+25: valLoss = 9.03055634827986e+25: valMetric = 2.0125898279481897; test_loss = 1.5202246743751958e+26; testMetric = 3.8859007688736145
[2023-05-22 10:19:29,122][scr.models_trainer][INFO] - Epoch_22: trainLoss = 8.226945310186795e+25: valLoss = 6.03215962629468e+25: valMetric = 1.9661260546714419; test_loss = 1.3548524871323074e+26; testMetric = 3.8944857551055
[2023-05-22 10:24:25,929][scr.models_trainer][INFO] - Epoch_23: trainLoss = 8.41000304512964e+25: valLoss = 4.870978229351009e+25: valMetric = 1.9727154464804666; test_loss = 7.227610487047103e+25; testMetric = 3.911973218791906
[2023-05-22 10:29:16,393][scr.models_trainer][INFO] - Epoch_24: trainLoss = 9.100447494638541e+25: valLoss = 1.0220633806221759e+26: valMetric = 1.9632689845477465; test_loss = 1.931709274419006e+26; testMetric = 3.8945048683726537
[2023-05-22 10:34:06,065][scr.models_trainer][INFO] - Epoch_25: trainLoss = 9.493057847827186e+25: valLoss = 6.252139388240055e+25: valMetric = 1.9583873238558394; test_loss = 1.1734713690386932e+26; testMetric = 3.88860570624025
[2023-05-22 10:38:54,762][scr.models_trainer][INFO] - Epoch_26: trainLoss = 9.592304200137706e+25: valLoss = 5.950198442325754e+25: valMetric = 1.966544966133476; test_loss = 1.0209132414516297e+26; testMetric = 3.900603020542724
[2023-05-22 10:43:45,766][scr.models_trainer][INFO] - Epoch_27: trainLoss = 9.895618901427183e+25: valLoss = 1.3952234923025955e+26: valMetric = 1.9608987873009096; test_loss = 2.7021693855891434e+26; testMetric = 3.890955452862057
[2023-05-22 10:48:38,368][scr.models_trainer][INFO] - Epoch_28: trainLoss = 1.0026718595170035e+26: valLoss = 1.1412243166609483e+26: valMetric = 1.9595421281604068; test_loss = 2.217141880501559e+26; testMetric = 3.8884891030309334
[2023-05-22 10:53:26,864][scr.models_trainer][INFO] - Epoch_29: trainLoss = 1.0547972196645268e+26: valLoss = 5.4708614124136825e+26: valMetric = 3.7652190987629517; test_loss = 4.476659480907202e+26; testMetric = 3.8651260152867963
[2023-05-22 10:58:14,780][scr.models_trainer][INFO] - Epoch_30: trainLoss = 1.0915990802428524e+26: valLoss = 6.913777166147773e+25: valMetric = 1.9700309874043878; test_loss = 1.0483390443215838e+26; testMetric = 3.9083667390124837
[2023-05-22 11:03:06,565][scr.models_trainer][INFO] - Epoch_31: trainLoss = 1.1124840638278056e+26: valLoss = 9.585225578737805e+26: valMetric = 4.29162716419021; test_loss = 1.0477282473850003e+27; testMetric = 3.860752563986346
[2023-05-22 11:08:00,284][scr.models_trainer][INFO] - Epoch_32: trainLoss = 1.1477571899834002e+26: valLoss = 1.6003433264931322e+26: valMetric = 1.9583545832998297; test_loss = 3.182456761764484e+26; testMetric = 3.886766705537794
[2023-05-22 11:12:50,588][scr.models_trainer][INFO] - Epoch_33: trainLoss = 1.1772614664958332e+26: valLoss = 1.0151707285120736e+26: valMetric = 1.9708005226290284; test_loss = 1.838832862048727e+26; testMetric = 3.90243759533958
[2023-05-22 11:17:40,968][scr.models_trainer][INFO] - Epoch_34: trainLoss = 1.2083539700423445e+26: valLoss = 1.2893099851756317e+26: valMetric = 1.9679946030813045; test_loss = 2.246282313687847e+26; testMetric = 3.889911663041762
[2023-05-22 11:22:34,951][scr.models_trainer][INFO] - Epoch_35: trainLoss = 1.2610110110019724e+26: valLoss = 1.1370910045411007e+26: valMetric = 1.961448396671423; test_loss = 2.0604376643280992e+26; testMetric = 3.8929988376018074
[2023-05-22 11:27:26,874][scr.models_trainer][INFO] - Epoch_36: trainLoss = 1.2952079512099311e+26: valLoss = 9.88380728229238e+25: valMetric = 1.959357901845238; test_loss = 1.8261271022603924e+26; testMetric = 3.8898559471433747
[2023-05-22 11:32:16,936][scr.models_trainer][INFO] - Epoch_37: trainLoss = 1.3266520645137734e+26: valLoss = 1.0420645029698602e+26: valMetric = 1.9646019968613382; test_loss = 1.826173594006021e+26; testMetric = 3.8980278461610927
[2023-05-22 11:37:07,955][scr.models_trainer][INFO] - Epoch_38: trainLoss = 1.3570448839065073e+26: valLoss = 1.3185848090448998e+26: valMetric = 1.9583102727910047; test_loss = 2.7073644841046368e+26; testMetric = 3.8877012106556115
[2023-05-22 11:42:05,318][scr.models_trainer][INFO] - Epoch_39: trainLoss = 1.3684974613671107e+26: valLoss = 1.1253901471762866e+26: valMetric = 1.9603338657739324; test_loss = 2.3227337074479985e+26; testMetric = 3.890317486759971
[2023-05-22 11:46:56,072][scr.models_trainer][INFO] - Epoch_40: trainLoss = 1.392492663700722e+26: valLoss = 1.045680263875558e+26: valMetric = 1.9665198131743473; test_loss = 1.7819330086918284e+26; testMetric = 3.900275901661811
[2023-05-22 11:51:44,381][scr.models_trainer][INFO] - Epoch_41: trainLoss = 1.4441959894553755e+26: valLoss = 1.3600881281079032e+26: valMetric = 1.9644793597742214; test_loss = 2.3522292002914075e+26; testMetric = 3.892714471042391
[2023-05-22 11:56:40,738][scr.models_trainer][INFO] - Epoch_42: trainLoss = 1.4863739967703426e+26: valLoss = 1.1949615286760157e+26: valMetric = 1.9595680001000453; test_loss = 2.1804836741283575e+26; testMetric = 3.8905221871367477
[2023-05-22 12:01:32,019][scr.models_trainer][INFO] - Epoch_43: trainLoss = 1.5222747659675475e+26: valLoss = 1.3419215423839605e+27: valMetric = 3.606286573725241; test_loss = 2.1723321033448131e+27; testMetric = 3.866315828910212
[2023-05-22 12:06:21,656][scr.models_trainer][INFO] - Epoch_44: trainLoss = 1.5261509715108583e+26: valLoss = 1.2516807345045086e+26: valMetric = 1.9644254386517654; test_loss = 2.0380122620281438e+26; testMetric = 3.8986551962569953
[2023-05-22 12:11:24,983][scr.models_trainer][INFO] - Epoch_45: trainLoss = 1.551060709542641e+26: valLoss = 1.6824581143679235e+26: valMetric = 1.9528485232967898; test_loss = 4.052672098980476e+26; testMetric = 3.8766952620023285
[2023-05-22 12:16:15,542][scr.models_trainer][INFO] - Epoch_46: trainLoss = 1.5844042962133237e+26: valLoss = 1.855915411565221e+26: valMetric = 2.2182983458866916; test_loss = 3.0213917690118537e+26; testMetric = 3.8870772314311584
[2023-05-22 12:21:04,337][scr.models_trainer][INFO] - Epoch_47: trainLoss = 1.6176065247700867e+26: valLoss = 1.3898955120277524e+26: valMetric = 1.9598454349020376; test_loss = 2.5278201099300525e+26; testMetric = 3.88980074487069
[2023-05-22 12:26:01,382][scr.models_trainer][INFO] - Epoch_48: trainLoss = 1.639820278901209e+26: valLoss = 1.394429864011282e+26: valMetric = 1.9586305255183407; test_loss = 2.698096558469982e+26; testMetric = 3.880120471816187
[2023-05-22 12:30:53,160][scr.models_trainer][INFO] - Epoch_49: trainLoss = 1.6989349002187218e+26: valLoss = 1.801162975748088e+26: valMetric = 1.9597264329253998; test_loss = 3.5944732835912636e+26; testMetric = 3.8895149817834422
[2023-05-22 12:35:41,793][scr.models_trainer][INFO] - Epoch_50: trainLoss = 1.6947858458712346e+26: valLoss = 8.902963232644707e+26: valMetric = 3.6226692502903473; test_loss = 8.675886672437363e+26; testMetric = 3.87609083114693
[2023-05-22 12:40:38,264][scr.models_trainer][INFO] - Epoch_51: trainLoss = 1.7416794728183007e+26: valLoss = 1.4669697115576206e+26: valMetric = 1.9736967428706507; test_loss = 2.467826796601739e+26; testMetric = 3.9058851580717824
[2023-05-22 12:45:30,339][scr.models_trainer][INFO] - Epoch_52: trainLoss = 1.749040229671647e+26: valLoss = 3.250539174204827e+26: valMetric = 1.961560862534441; test_loss = 7.048318536234078e+26; testMetric = 3.872163826186487
[2023-05-22 12:50:19,166][scr.models_trainer][INFO] - Epoch_53: trainLoss = 1.7770565991689433e+26: valLoss = 8.82981397060506e+26: valMetric = 4.090697878456578; test_loss = 6.612159472637112e+26; testMetric = 3.863386862607668
[2023-05-22 12:55:14,199][scr.models_trainer][INFO] - Epoch_54: trainLoss = 1.836937212916263e+26: valLoss = 5.312422578252599e+26: valMetric = 3.563897052092308; test_loss = 5.0947754232911906e+26; testMetric = 3.8731392095936115
[2023-05-22 13:00:06,022][scr.models_trainer][INFO] - Epoch_55: trainLoss = 1.845381151994101e+26: valLoss = 1.7338977343521188e+26: valMetric = 1.9618316137675431; test_loss = 3.300297483145938e+26; testMetric = 3.892623359112727
[2023-05-22 13:04:54,588][scr.models_trainer][INFO] - Epoch_56: trainLoss = 1.8556748550692792e+26: valLoss = 7.633250798624113e+26: valMetric = 3.558767754074763; test_loss = 8.081050588266166e+26; testMetric = 3.871388269964323
[2023-05-22 13:09:50,633][scr.models_trainer][INFO] - Epoch_57: trainLoss = 1.8840492554151734e+26: valLoss = 1.3895081697985172e+26: valMetric = 1.9653020542766124; test_loss = 2.2216965814530855e+26; testMetric = 3.9016670944244103
[2023-05-22 13:14:41,059][scr.models_trainer][INFO] - Epoch_58: trainLoss = 1.9814141935288104e+26: valLoss = 2.5345270554097066e+26: valMetric = 2.0236248609520757; test_loss = 4.225385226293423e+26; testMetric = 3.888622425770361
[2023-05-22 13:19:30,276][scr.models_trainer][INFO] - Epoch_59: trainLoss = 1.9654550438069735e+26: valLoss = 2.2466327916808837e+26: valMetric = 1.9568866723261393; test_loss = 4.677748427087803e+26; testMetric = 3.8839263545311185
[2023-05-22 13:24:24,277][scr.models_trainer][INFO] - Epoch_60: trainLoss = 2.0050351606374163e+26: valLoss = 1.9129811164806443e+26: valMetric = 1.9627567986609606; test_loss = 3.219134115064625e+26; testMetric = 3.8955235248527758
[2023-05-22 13:29:13,764][scr.models_trainer][INFO] - Epoch_61: trainLoss = 2.0548970786244016e+26: valLoss = 3.59644224984676e+26: valMetric = 2.065215514802044; test_loss = 6.859323513242766e+26; testMetric = 3.877559952928792
[2023-05-22 13:34:04,859][scr.models_trainer][INFO] - Epoch_62: trainLoss = 2.085346176746833e+26: valLoss = 1.3661675508706557e+26: valMetric = 1.975883916193656; test_loss = 1.814802126886955e+26; testMetric = 3.916482051347209
[2023-05-22 13:38:59,064][scr.models_trainer][INFO] - Epoch_63: trainLoss = 2.1262980722634384e+26: valLoss = 1.4897352337725708e+26: valMetric = 1.9754379437878424; test_loss = 2.4654705205909318e+26; testMetric = 3.9069899872012046
[2023-05-22 13:43:47,820][scr.models_trainer][INFO] - Epoch_64: trainLoss = 2.1237983225923425e+26: valLoss = 3.0266832612510218e+26: valMetric = 2.242524508033207; test_loss = 4.593199977582059e+26; testMetric = 3.872011992860207
[2023-05-22 13:48:40,480][scr.models_trainer][INFO] - Epoch_65: trainLoss = 2.1607247832778977e+26: valLoss = 1.2670536162714174e+27: valMetric = 4.110232509828013; test_loss = 1.0751968392134141e+27; testMetric = 3.8658600504039793
[2023-05-22 13:53:34,258][scr.models_trainer][INFO] - Epoch_66: trainLoss = 2.2149513773876247e+26: valLoss = 7.770805950242387e+26: valMetric = 2.2401483895651797; test_loss = 1.7339981356455208e+27; testMetric = 3.8692241594340264
[2023-05-22 13:58:29,720][scr.models_trainer][INFO] - Epoch_67: trainLoss = 2.2162934980439486e+26: valLoss = 3.278139228839821e+26: valMetric = 1.9530789973646867; test_loss = 7.524193335191018e+26; testMetric = 3.8760138669597595
[2023-05-22 14:03:21,772][scr.models_trainer][INFO] - Epoch_68: trainLoss = 2.2169645354770605e+26: valLoss = 1.446372403882569e+26: valMetric = 1.9632070858096835; test_loss = 2.502260579034442e+26; testMetric = 3.8961970603002998
[2023-05-22 14:08:11,524][scr.models_trainer][INFO] - Epoch_69: trainLoss = 2.3051573359625827e+26: valLoss = 3.637638987499404e+26: valMetric = 1.9568550489032732; test_loss = 7.822599128767072e+26; testMetric = 3.8825430819086346
[2023-05-22 14:13:11,463][scr.models_trainer][INFO] - Epoch_70: trainLoss = 2.3141066076527477e+26: valLoss = 1.6205045014595886e+26: valMetric = 1.9807634599392485; test_loss = 2.0665297952798028e+26; testMetric = 3.9176066664395615
[2023-05-22 14:18:02,727][scr.models_trainer][INFO] - Epoch_71: trainLoss = 2.3335274854282165e+26: valLoss = 5.954831623899374e+26: valMetric = 2.0432097700751655; test_loss = 1.2233066326265916e+27; testMetric = 3.873827359486444
[2023-05-22 14:22:51,320][scr.models_trainer][INFO] - Epoch_72: trainLoss = 2.396582539078648e+26: valLoss = 2.6118670938420345e+26: valMetric = 1.9628923242347331; test_loss = 4.4615567772276415e+26; testMetric = 3.8953670996901284
[2023-05-22 14:27:47,427][scr.models_trainer][INFO] - Epoch_73: trainLoss = 2.4147960105083044e+26: valLoss = 1.0548276239830084e+27: valMetric = 3.6126348288258376; test_loss = 1.1213755831164891e+27; testMetric = 3.865021971772057
[2023-05-22 14:32:38,350][scr.models_trainer][INFO] - Epoch_74: trainLoss = 2.4188959869701485e+26: valLoss = 3.0400734562010028e+26: valMetric = 1.9614572527656176; test_loss = 5.700743736674865e+26; testMetric = 3.8919528744018734
[2023-05-22 14:37:27,789][scr.models_trainer][INFO] - Epoch_75: trainLoss = 2.5012940022811976e+26: valLoss = 4.882021355541752e+26: valMetric = 2.424208175483759; test_loss = 7.185634682884873e+26; testMetric = 3.8729005374901284
[2023-05-22 14:42:23,945][scr.models_trainer][INFO] - Epoch_76: trainLoss = 2.4759084975249282e+26: valLoss = 1.9000560835860936e+26: valMetric = 1.953514155125504; test_loss = 4.816029819333493e+26; testMetric = 3.8789596741782293
[2023-05-22 14:47:13,950][scr.models_trainer][INFO] - Epoch_77: trainLoss = 2.5028875106609342e+26: valLoss = 1.9929481399779838e+26: valMetric = 1.9695025308161054; test_loss = 3.0920612529964383e+26; testMetric = 3.9066635806092416
[2023-05-22 14:51:59,953][scr.models_trainer][INFO] - Epoch_78: trainLoss = 2.5053931302071833e+26: valLoss = 2.500529443748766e+26: valMetric = 1.967520539330057; test_loss = 4.283635901494865e+26; testMetric = 3.890023593366334
[2023-05-22 14:56:46,270][scr.models_trainer][INFO] - Epoch_79: trainLoss = 2.5733083510975403e+26: valLoss = 2.2225164480001533e+26: valMetric = 1.9666721182805504; test_loss = 4.0654909075571697e+26; testMetric = 3.89862095237339
[2023-05-22 15:01:36,505][scr.models_trainer][INFO] - Epoch_80: trainLoss = 2.621318315077024e+26: valLoss = 1.9972377076072866e+27: valMetric = 5.356684526364701; test_loss = 1.4543558047882082e+27; testMetric = 3.863009438639192
[2023-05-22 15:06:25,239][scr.models_trainer][INFO] - Epoch_81: trainLoss = 2.6086560520967855e+26: valLoss = 5.7045981793388e+26: valMetric = 1.965949692048219; test_loss = 1.1560518720502318e+27; testMetric = 3.8818934263824305
[2023-05-22 15:11:21,534][scr.models_trainer][INFO] - Epoch_82: trainLoss = 2.6235570919371723e+26: valLoss = 2.8579224231737344e+26: valMetric = 1.9589142732390552; test_loss = 5.725000977026894e+26; testMetric = 3.887360760422691
[2023-05-22 15:16:12,908][scr.models_trainer][INFO] - Epoch_83: trainLoss = 2.6981081177127724e+26: valLoss = 3.4722942847502075e+26: valMetric = 1.9590125824926727; test_loss = 6.802301619301533e+26; testMetric = 3.88806158459543
[2023-05-22 15:21:02,715][scr.models_trainer][INFO] - Epoch_84: trainLoss = 2.7136331326300837e+26: valLoss = 6.752586640037385e+26: valMetric = 2.1679960998834273; test_loss = 1.2121176817587848e+27; testMetric = 3.880064051035868
[2023-05-22 15:25:58,836][scr.models_trainer][INFO] - Epoch_85: trainLoss = 2.7675023747139284e+26: valLoss = 6.477959729557914e+26: valMetric = 2.1625243737741466; test_loss = 1.2815688823665312e+27; testMetric = 3.8738244487497235
[2023-05-22 15:30:49,831][scr.models_trainer][INFO] - Epoch_86: trainLoss = 2.7530363729879147e+26: valLoss = 1.1483912752852234e+27: valMetric = 3.5229632900493724; test_loss = 1.334995712173968e+27; testMetric = 3.8788154241940886
[2023-05-22 15:35:38,884][scr.models_trainer][INFO] - Epoch_87: trainLoss = 2.7745655146962862e+26: valLoss = 1.3920711551363776e+27: valMetric = 4.137033777926517; test_loss = 9.853723207462939e+26; testMetric = 3.869447217686253
[2023-05-22 15:40:30,910][scr.models_trainer][INFO] - Epoch_88: trainLoss = 2.7728702105715464e+26: valLoss = 2.814104365645848e+26: valMetric = 1.9563301200042542; test_loss = 5.91918975023539e+26; testMetric = 3.8826306743619923
[2023-05-22 15:45:22,767][scr.models_trainer][INFO] - Epoch_89: trainLoss = 2.801790923731499e+26: valLoss = 3.332692720635558e+26: valMetric = 1.9595226487124742; test_loss = 6.540707242721697e+26; testMetric = 3.889303881685986
[2023-05-22 15:50:11,927][scr.models_trainer][INFO] - Epoch_90: trainLoss = 2.8422391037428032e+26: valLoss = 1.9139862137502043e+26: valMetric = 1.9684368888421218; test_loss = 2.999294373127899e+26; testMetric = 3.905573863872628
[2023-05-22 15:55:07,666][scr.models_trainer][INFO] - Epoch_91: trainLoss = 2.9061283940286205e+26: valLoss = 2.1528712055981072e+26: valMetric = 1.9678028541650043; test_loss = 4.039940465154177e+26; testMetric = 3.8991261918371594
[2023-05-22 16:00:03,638][scr.models_trainer][INFO] - Epoch_92: trainLoss = 2.8765450159681262e+26: valLoss = 3.212739565998239e+26: valMetric = 1.9617020091777866; test_loss = 5.984183808770453e+26; testMetric = 3.89307303195797
[2023-05-22 16:04:53,172][scr.models_trainer][INFO] - Epoch_93: trainLoss = 2.8598625845143034e+26: valLoss = 1.999630645898975e+26: valMetric = 1.978603627396873; test_loss = 2.2619299180712384e+26; testMetric = 3.9175762628183737
[2023-05-22 16:09:49,392][scr.models_trainer][INFO] - Epoch_94: trainLoss = 2.9319938576616073e+26: valLoss = 2.320863257598103e+26: valMetric = 1.9731841894158177; test_loss = 3.396263164308038e+26; testMetric = 3.910313161770944
[2023-05-22 16:14:40,437][scr.models_trainer][INFO] - Epoch_95: trainLoss = 2.9367918794021838e+26: valLoss = 2.955369849250248e+26: valMetric = 1.9631222825858061; test_loss = 5.4277569365821114e+26; testMetric = 3.8941206611933348
[2023-05-22 16:19:28,682][scr.models_trainer][INFO] - Epoch_96: trainLoss = 2.975101926343389e+26: valLoss = 3.1935796388181035e+26: valMetric = 1.964531400409389; test_loss = 5.680341002010904e+26; testMetric = 3.8885112013313283
[2023-05-22 16:24:23,153][scr.models_trainer][INFO] - Epoch_97: trainLoss = 2.9947517612962953e+26: valLoss = 2.6713439653174914e+26: valMetric = 1.9648973659353948; test_loss = 4.3988911664014855e+26; testMetric = 3.8993526390388524
[2023-05-22 16:29:13,885][scr.models_trainer][INFO] - Epoch_98: trainLoss = 3.0308360454487536e+26: valLoss = 2.9001054141443347e+26: valMetric = 1.963979292243636; test_loss = 5.2800575758855466e+26; testMetric = 3.8791432593396973
[2023-05-22 16:34:05,462][scr.models_trainer][INFO] - Epoch_99: trainLoss = 3.050201762163581e+26: valLoss = 2.4650344992111833e+26: valMetric = 1.9625019798576058; test_loss = 4.0250580188220775e+26; testMetric = 3.8966475103292497
[2023-05-22 16:38:54,143][scr.models_trainer][INFO] - Epoch_100: trainLoss = 3.0331066720444366e+26: valLoss = 3.272436621148059e+26: valMetric = 2.004877738854387; test_loss = 5.684641126488969e+26; testMetric = 3.8860813301606076
[2023-05-22 16:43:52,173][scr.models_trainer][INFO] - Epoch_101: trainLoss = 3.045658892443432e+26: valLoss = 2.6250208093543174e+26: valMetric = 1.9695970499993136; test_loss = 4.013695763669803e+26; testMetric = 3.905427043959431
[2023-05-22 16:48:43,027][scr.models_trainer][INFO] - Epoch_102: trainLoss = 3.147249424957886e+26: valLoss = 3.766169021608811e+26: valMetric = 2.1275014223355893; test_loss = 6.046801591949676e+26; testMetric = 3.8877019768529095
[2023-05-22 16:53:31,945][scr.models_trainer][INFO] - Epoch_103: trainLoss = 3.126196682971334e+26: valLoss = 2.0083151259708226e+26: valMetric = 1.9729740738562762; test_loss = 3.0415243486294543e+26; testMetric = 3.9083652211793862
[2023-05-22 16:58:28,520][scr.models_trainer][INFO] - Epoch_104: trainLoss = 3.097336100547192e+26: valLoss = 2.3994001370079443e+26: valMetric = 1.9667013371267357; test_loss = 3.763330882215255e+26; testMetric = 3.9025216940228327
[2023-05-22 17:03:18,439][scr.models_trainer][INFO] - Epoch_105: trainLoss = 3.160098039305393e+26: valLoss = 6.685602532814675e+26: valMetric = 3.368257243721465; test_loss = 8.64394753841475e+26; testMetric = 3.8747529951364563
[2023-05-22 17:08:09,281][scr.models_trainer][INFO] - Epoch_106: trainLoss = 3.117301934702324e+26: valLoss = 1.3517950626157883e+27: valMetric = 3.699347811709191; test_loss = 1.13306704719429e+27; testMetric = 3.8681404517907954
[2023-05-22 17:13:01,060][scr.models_trainer][INFO] - Epoch_107: trainLoss = 3.1969765272283576e+26: valLoss = 2.6690419228937404e+26: valMetric = 1.958780723316974; test_loss = 4.826200949005569e+26; testMetric = 3.8892777629296815
[2023-05-22 17:17:53,647][scr.models_trainer][INFO] - Epoch_108: trainLoss = 3.210601290343194e+26: valLoss = 2.6266952981795413e+26: valMetric = 1.9676610399501555; test_loss = 4.019124886407284e+26; testMetric = 3.903427794825941
[2023-05-22 17:22:43,646][scr.models_trainer][INFO] - Epoch_109: trainLoss = 3.2101503950223885e+26: valLoss = 6.831232993457527e+26: valMetric = 1.9621129232076684; test_loss = 1.4902617196149336e+27; testMetric = 3.87521673966526
[2023-05-22 17:27:40,128][scr.models_trainer][INFO] - Epoch_110: trainLoss = 3.269713515345982e+26: valLoss = 4.601590467645231e+26: valMetric = 2.2273733782917344; test_loss = 6.602473979412517e+26; testMetric = 3.8870662627360457
[2023-05-22 17:32:38,907][scr.models_trainer][INFO] - Epoch_111: trainLoss = 3.310421772232103e+26: valLoss = 1.444291793208368e+27: valMetric = 3.8275216132263883; test_loss = 9.961721137456152e+26; testMetric = 3.8775269869843436
[2023-05-22 17:37:30,350][scr.models_trainer][INFO] - Epoch_112: trainLoss = 3.234836110903058e+26: valLoss = 2.931535249690394e+26: valMetric = 1.964518676121404; test_loss = 4.7640963403618305e+26; testMetric = 3.8985330549429147
[2023-05-22 17:42:23,316][scr.models_trainer][INFO] - Epoch_113: trainLoss = 3.2725524257349686e+26: valLoss = 3.241151475281012e+26: valMetric = 1.9578526290020617; test_loss = 6.591705915705586e+26; testMetric = 3.8868771130354767
[2023-05-22 17:47:13,553][scr.models_trainer][INFO] - Epoch_114: trainLoss = 3.2861050419209016e+26: valLoss = 1.5640579286362524e+27: valMetric = 2.165960752851808; test_loss = 3.2804724586540754e+27; testMetric = 3.8754945584874947
[2023-05-22 17:52:04,019][scr.models_trainer][INFO] - Epoch_115: trainLoss = 3.272756592673941e+26: valLoss = 3.9683998792294274e+26: valMetric = 1.9762302287468774; test_loss = 7.190977373204644e+26; testMetric = 3.8832159666006536
[2023-05-22 17:56:59,161][scr.models_trainer][INFO] - Epoch_116: trainLoss = 3.36620744350346e+26: valLoss = 2.628836692636712e+26: valMetric = 1.9737186564938098; test_loss = 3.80260860806716e+26; testMetric = 3.910149369224751
[2023-05-22 18:01:50,481][scr.models_trainer][INFO] - Epoch_117: trainLoss = 3.3994303643246686e+26: valLoss = 4.094383259464321e+27: valMetric = 6.506577811785536; test_loss = 3.0965157515316843e+27; testMetric = 3.85635549861148
[2023-05-22 18:06:39,243][scr.models_trainer][INFO] - Epoch_118: trainLoss = 3.3678913749341684e+26: valLoss = 4.059320649807613e+26: valMetric = 1.9608864348599087; test_loss = 7.831626185793044e+26; testMetric = 3.890689565495906
[2023-05-22 18:11:35,511][scr.models_trainer][INFO] - Epoch_119: trainLoss = 3.378579449612565e+26: valLoss = 4.785388481601724e+26: valMetric = 1.9597866876732482; test_loss = 9.059217264057822e+26; testMetric = 3.88905286251891
[2023-05-22 18:16:26,919][scr.models_trainer][INFO] - Epoch_120: trainLoss = 3.4629503157215596e+26: valLoss = 3.550422182231465e+26: valMetric = 1.9631766053222481; test_loss = 7.24445129080573e+26; testMetric = 3.893648529740983
[2023-05-22 18:21:16,568][scr.models_trainer][INFO] - Epoch_121: trainLoss = 3.4821980585572986e+26: valLoss = 2.45921614445742e+26: valMetric = 1.9719021593721415; test_loss = 3.650731595388534e+26; testMetric = 3.9080110797382317
[2023-05-22 18:26:11,288][scr.models_trainer][INFO] - Epoch_122: trainLoss = 3.477707468344621e+26: valLoss = 3.845233525174735e+26: valMetric = 1.9596080684280694; test_loss = 7.564708804842173e+26; testMetric = 3.8901345361289406
[2023-05-22 18:31:03,880][scr.models_trainer][INFO] - Epoch_123: trainLoss = 3.472900543850835e+26: valLoss = 3.071758419487322e+26: valMetric = 1.9638380304877492; test_loss = 5.086885142405839e+26; testMetric = 3.8978302011083628
[2023-05-22 18:35:53,278][scr.models_trainer][INFO] - Epoch_124: trainLoss = 3.531758283872314e+26: valLoss = 3.016045017512845e+26: valMetric = 1.962015090488977; test_loss = 5.200184834253351e+26; testMetric = 3.8943734304843525
[2023-05-22 18:40:49,403][scr.models_trainer][INFO] - Epoch_125: trainLoss = 3.506199048765586e+26: valLoss = 2.6919881680457752e+26: valMetric = 1.9699693483826135; test_loss = 3.928109970188978e+26; testMetric = 3.9073534490726387
[2023-05-22 18:45:43,872][scr.models_trainer][INFO] - Epoch_126: trainLoss = 3.564161137264871e+26: valLoss = 2.673347187172746e+26: valMetric = 1.9754710562918196; test_loss = 3.813719909150957e+26; testMetric = 3.911931375979318
[2023-05-22 18:50:34,129][scr.models_trainer][INFO] - Epoch_127: trainLoss = 3.5432639548575714e+26: valLoss = 1.0055012418917294e+27: valMetric = 16.70962102212975; test_loss = 2.527283312652789e+27; testMetric = 13.172726991096143
[2023-05-22 18:55:29,702][scr.models_trainer][INFO] - Epoch_128: trainLoss = 3.573131452512572e+26: valLoss = 6.336615550196655e+26: valMetric = 1.9597288829725341; test_loss = 1.2139250376094862e+27; testMetric = 3.8870203366240275
[2023-05-22 19:00:21,854][scr.models_trainer][INFO] - Epoch_129: trainLoss = 3.6070211303648654e+26: valLoss = 3.350319091188221e+26: valMetric = 1.9674082719835082; test_loss = 5.24048851048853e+26; testMetric = 3.9030985334920176
[2023-05-22 19:05:10,661][scr.models_trainer][INFO] - Epoch_130: trainLoss = 3.608079201301048e+26: valLoss = 1.109421636728735e+27: valMetric = 3.550287904163028; test_loss = 1.1036836152962595e+27; testMetric = 3.8745269757405145
[2023-05-22 19:10:03,018][scr.models_trainer][INFO] - Epoch_131: trainLoss = 3.655834635085849e+26: valLoss = 4.792388789234681e+26: valMetric = 2.00856202314011; test_loss = 8.005544366001934e+26; testMetric = 3.8859421120330566
[2023-05-22 19:14:58,821][scr.models_trainer][INFO] - Epoch_132: trainLoss = 3.699280177380317e+26: valLoss = 2.670751993541641e+26: valMetric = 1.9762526964638896; test_loss = 3.668865837732989e+26; testMetric = 3.914183113011994
[2023-05-22 19:19:48,690][scr.models_trainer][INFO] - Epoch_133: trainLoss = 3.633629414587322e+26: valLoss = 2.697145023020541e+26: valMetric = 1.9709515020582915; test_loss = 3.8863679477633086e+26; testMetric = 3.90823722016969
[2023-05-22 19:24:38,232][scr.models_trainer][INFO] - Epoch_134: trainLoss = 3.755215965983375e+26: valLoss = 1.1893881857554237e+27: valMetric = 2.1970980609111033; test_loss = 2.6772061289349643e+27; testMetric = 3.8664447457257465
[2023-05-22 19:29:38,115][scr.models_trainer][INFO] - Epoch_135: trainLoss = 3.711151588397252e+26: valLoss = 2.00841621923656e+27: valMetric = 11.52519365991131; test_loss = 1.6394124963851019e+27; testMetric = 14.151666509814584
[2023-05-22 19:34:28,292][scr.models_trainer][INFO] - Epoch_136: trainLoss = 3.7577645329225915e+26: valLoss = 3.851430248141182e+26: valMetric = 1.962264121080649; test_loss = 7.079114976281562e+26; testMetric = 3.8940709727702796
[2023-05-22 19:39:18,492][scr.models_trainer][INFO] - Epoch_137: trainLoss = 3.840079269549002e+26: valLoss = 3.183748483179417e+26: valMetric = 1.9638721568734092; test_loss = 5.0911699759215306e+26; testMetric = 3.8979308443532026
[2023-05-22 19:44:11,451][scr.models_trainer][INFO] - Epoch_138: trainLoss = 3.759143731947903e+26: valLoss = 7.16400453765087e+26: valMetric = 2.0552684585342904; test_loss = 1.24453191385689e+27; testMetric = 3.8858256956565125
[2023-05-22 19:49:02,484][scr.models_trainer][INFO] - Epoch_139: trainLoss = 3.790696675436136e+26: valLoss = 1.2724128059459958e+27: valMetric = 2.2452735290576853; test_loss = 2.787620653858174e+27; testMetric = 3.8624510195964543
[2023-05-22 19:53:53,687][scr.models_trainer][INFO] - Epoch_140: trainLoss = 3.774960090413827e+26: valLoss = 4.077287645051429e+26: valMetric = 1.9671147645670772; test_loss = 6.36374474476678e+26; testMetric = 3.902557170924791
[2023-05-22 19:58:50,346][scr.models_trainer][INFO] - Epoch_141: trainLoss = 3.8241182322805114e+26: valLoss = 9.132303364639376e+26: valMetric = 2.212553405349754; test_loss = 1.6036858301891246e+27; testMetric = 3.8800691864596066
[2023-05-22 20:03:41,610][scr.models_trainer][INFO] - Epoch_142: trainLoss = 3.884908970825011e+26: valLoss = 4.1204475867118373e+26: valMetric = 1.960920354160445; test_loss = 7.803677383016985e+26; testMetric = 3.891313080472198
[2023-05-22 20:08:29,836][scr.models_trainer][INFO] - Epoch_143: trainLoss = 3.8760470222794315e+26: valLoss = 3.5280255962884474e+26: valMetric = 1.9731649593744465; test_loss = 3.1420923406985984e+26; testMetric = 3.916020262005713
[2023-05-22 20:13:27,322][scr.models_trainer][INFO] - Epoch_144: trainLoss = 3.913688893818249e+26: valLoss = 4.608331683805382e+26: valMetric = 1.9652791539178256; test_loss = 8.267735300367509e+26; testMetric = 3.8972560070282714
[2023-05-22 20:18:17,831][scr.models_trainer][INFO] - Epoch_145: trainLoss = 3.942356702639343e+26: valLoss = 4.573966092971165e+26: valMetric = 1.9603991223634512; test_loss = 8.548902106800621e+26; testMetric = 3.8914733133926505
[2023-05-22 20:23:09,583][scr.models_trainer][INFO] - Epoch_146: trainLoss = 3.920979565158998e+26: valLoss = 3.83373233156719e+26: valMetric = 1.9672796653404765; test_loss = 5.792159070217865e+26; testMetric = 3.903882746356974
[2023-05-22 20:28:06,617][scr.models_trainer][INFO] - Epoch_147: trainLoss = 3.966702362431807e+26: valLoss = 1.2023805546886302e+27: valMetric = 3.566409681844847; test_loss = 1.134062795745006e+27; testMetric = 3.8826151395376227
[2023-05-22 20:32:58,846][scr.models_trainer][INFO] - Epoch_148: trainLoss = 3.974364920192473e+26: valLoss = 4.990530604835539e+26: valMetric = 1.9631076873246767; test_loss = 8.865511410245128e+26; testMetric = 3.894955109908176
[2023-05-22 20:37:49,023][scr.models_trainer][INFO] - Epoch_149: trainLoss = 4.000358470610022e+26: valLoss = 7.754559971564347e+26: valMetric = 2.422159803183038; test_loss = 1.0950395228923899e+27; testMetric = 3.8792665041248156
[2023-05-22 20:37:49,024][scr.models_trainer][INFO] - Train losses after 150 epochs : [3.2476097381306635e+24, 9.85561601379018e+24, 1.4735559987740917e+25, 1.8096203229989462e+25, 2.1950154002440563e+25, 2.5423196903353184e+25, 2.905667883035211e+25, 3.2867813080235484e+25, 3.539850838818505e+25, 3.90202310714621e+25, 4.245405314577189e+25, 4.575772063565596e+25, 4.7781731822567405e+25, 5.293031235687879e+25, 5.7387454010285325e+25, 6.01834519650567e+25, 6.293475539712177e+25, 6.724500611291748e+25, 6.896909762363222e+25, 7.345433785693796e+25, 7.714853538607686e+25, 8.043019626876886e+25, 8.226945310186795e+25, 8.41000304512964e+25, 9.100447494638541e+25, 9.493057847827186e+25, 9.592304200137706e+25, 9.895618901427183e+25, 1.0026718595170035e+26, 1.0547972196645268e+26, 1.0915990802428524e+26, 1.1124840638278056e+26, 1.1477571899834002e+26, 1.1772614664958332e+26, 1.2083539700423445e+26, 1.2610110110019724e+26, 1.2952079512099311e+26, 1.3266520645137734e+26, 1.3570448839065073e+26, 1.3684974613671107e+26, 1.392492663700722e+26, 1.4441959894553755e+26, 1.4863739967703426e+26, 1.5222747659675475e+26, 1.5261509715108583e+26, 1.551060709542641e+26, 1.5844042962133237e+26, 1.6176065247700867e+26, 1.639820278901209e+26, 1.6989349002187218e+26, 1.6947858458712346e+26, 1.7416794728183007e+26, 1.749040229671647e+26, 1.7770565991689433e+26, 1.836937212916263e+26, 1.845381151994101e+26, 1.8556748550692792e+26, 1.8840492554151734e+26, 1.9814141935288104e+26, 1.9654550438069735e+26, 2.0050351606374163e+26, 2.0548970786244016e+26, 2.085346176746833e+26, 2.1262980722634384e+26, 2.1237983225923425e+26, 2.1607247832778977e+26, 2.2149513773876247e+26, 2.2162934980439486e+26, 2.2169645354770605e+26, 2.3051573359625827e+26, 2.3141066076527477e+26, 2.3335274854282165e+26, 2.396582539078648e+26, 2.4147960105083044e+26, 2.4188959869701485e+26, 2.5012940022811976e+26, 2.4759084975249282e+26, 2.5028875106609342e+26, 2.5053931302071833e+26, 2.5733083510975403e+26, 2.621318315077024e+26, 2.6086560520967855e+26, 2.6235570919371723e+26, 2.6981081177127724e+26, 2.7136331326300837e+26, 2.7675023747139284e+26, 2.7530363729879147e+26, 2.7745655146962862e+26, 2.7728702105715464e+26, 2.801790923731499e+26, 2.8422391037428032e+26, 2.9061283940286205e+26, 2.8765450159681262e+26, 2.8598625845143034e+26, 2.9319938576616073e+26, 2.9367918794021838e+26, 2.975101926343389e+26, 2.9947517612962953e+26, 3.0308360454487536e+26, 3.050201762163581e+26, 3.0331066720444366e+26, 3.045658892443432e+26, 3.147249424957886e+26, 3.126196682971334e+26, 3.097336100547192e+26, 3.160098039305393e+26, 3.117301934702324e+26, 3.1969765272283576e+26, 3.210601290343194e+26, 3.2101503950223885e+26, 3.269713515345982e+26, 3.310421772232103e+26, 3.234836110903058e+26, 3.2725524257349686e+26, 3.2861050419209016e+26, 3.272756592673941e+26, 3.36620744350346e+26, 3.3994303643246686e+26, 3.3678913749341684e+26, 3.378579449612565e+26, 3.4629503157215596e+26, 3.4821980585572986e+26, 3.477707468344621e+26, 3.472900543850835e+26, 3.531758283872314e+26, 3.506199048765586e+26, 3.564161137264871e+26, 3.5432639548575714e+26, 3.573131452512572e+26, 3.6070211303648654e+26, 3.608079201301048e+26, 3.655834635085849e+26, 3.699280177380317e+26, 3.633629414587322e+26, 3.755215965983375e+26, 3.711151588397252e+26, 3.7577645329225915e+26, 3.840079269549002e+26, 3.759143731947903e+26, 3.790696675436136e+26, 3.774960090413827e+26, 3.8241182322805114e+26, 3.884908970825011e+26, 3.8760470222794315e+26, 3.913688893818249e+26, 3.942356702639343e+26, 3.920979565158998e+26, 3.966702362431807e+26, 3.974364920192473e+26, 4.000358470610022e+26]
[2023-05-22 20:37:49,026][scr.models_trainer][INFO] - Validation losses after 150 epochs : [2.859588013805825e+24, 6.050798715623276e+24, 1.318369811663363e+25, 1.5518045488752863e+25, 1.802355004987424e+25, 1.8479572609755468e+25, 2.789900838040939e+25, 3.6261558439459767e+25, 3.7332120323210035e+25, 2.3547127128203837e+25, 1.4545128548326649e+26, 8.120128541010493e+25, 3.6215720866147773e+25, 3.7031189766417063e+25, 7.2325981487857435e+25, 4.226781681689369e+25, 8.525316678836656e+25, 5.333960556321332e+25, 3.5363911625135954e+25, 2.989777176234903e+26, 5.40743513607831e+25, 9.03055634827986e+25, 6.03215962629468e+25, 4.870978229351009e+25, 1.0220633806221759e+26, 6.252139388240055e+25, 5.950198442325754e+25, 1.3952234923025955e+26, 1.1412243166609483e+26, 5.4708614124136825e+26, 6.913777166147773e+25, 9.585225578737805e+26, 1.6003433264931322e+26, 1.0151707285120736e+26, 1.2893099851756317e+26, 1.1370910045411007e+26, 9.88380728229238e+25, 1.0420645029698602e+26, 1.3185848090448998e+26, 1.1253901471762866e+26, 1.045680263875558e+26, 1.3600881281079032e+26, 1.1949615286760157e+26, 1.3419215423839605e+27, 1.2516807345045086e+26, 1.6824581143679235e+26, 1.855915411565221e+26, 1.3898955120277524e+26, 1.394429864011282e+26, 1.801162975748088e+26, 8.902963232644707e+26, 1.4669697115576206e+26, 3.250539174204827e+26, 8.82981397060506e+26, 5.312422578252599e+26, 1.7338977343521188e+26, 7.633250798624113e+26, 1.3895081697985172e+26, 2.5345270554097066e+26, 2.2466327916808837e+26, 1.9129811164806443e+26, 3.59644224984676e+26, 1.3661675508706557e+26, 1.4897352337725708e+26, 3.0266832612510218e+26, 1.2670536162714174e+27, 7.770805950242387e+26, 3.278139228839821e+26, 1.446372403882569e+26, 3.637638987499404e+26, 1.6205045014595886e+26, 5.954831623899374e+26, 2.6118670938420345e+26, 1.0548276239830084e+27, 3.0400734562010028e+26, 4.882021355541752e+26, 1.9000560835860936e+26, 1.9929481399779838e+26, 2.500529443748766e+26, 2.2225164480001533e+26, 1.9972377076072866e+27, 5.7045981793388e+26, 2.8579224231737344e+26, 3.4722942847502075e+26, 6.752586640037385e+26, 6.477959729557914e+26, 1.1483912752852234e+27, 1.3920711551363776e+27, 2.814104365645848e+26, 3.332692720635558e+26, 1.9139862137502043e+26, 2.1528712055981072e+26, 3.212739565998239e+26, 1.999630645898975e+26, 2.320863257598103e+26, 2.955369849250248e+26, 3.1935796388181035e+26, 2.6713439653174914e+26, 2.9001054141443347e+26, 2.4650344992111833e+26, 3.272436621148059e+26, 2.6250208093543174e+26, 3.766169021608811e+26, 2.0083151259708226e+26, 2.3994001370079443e+26, 6.685602532814675e+26, 1.3517950626157883e+27, 2.6690419228937404e+26, 2.6266952981795413e+26, 6.831232993457527e+26, 4.601590467645231e+26, 1.444291793208368e+27, 2.931535249690394e+26, 3.241151475281012e+26, 1.5640579286362524e+27, 3.9683998792294274e+26, 2.628836692636712e+26, 4.094383259464321e+27, 4.059320649807613e+26, 4.785388481601724e+26, 3.550422182231465e+26, 2.45921614445742e+26, 3.845233525174735e+26, 3.071758419487322e+26, 3.016045017512845e+26, 2.6919881680457752e+26, 2.673347187172746e+26, 1.0055012418917294e+27, 6.336615550196655e+26, 3.350319091188221e+26, 1.109421636728735e+27, 4.792388789234681e+26, 2.670751993541641e+26, 2.697145023020541e+26, 1.1893881857554237e+27, 2.00841621923656e+27, 3.851430248141182e+26, 3.183748483179417e+26, 7.16400453765087e+26, 1.2724128059459958e+27, 4.077287645051429e+26, 9.132303364639376e+26, 4.1204475867118373e+26, 3.5280255962884474e+26, 4.608331683805382e+26, 4.573966092971165e+26, 3.83373233156719e+26, 1.2023805546886302e+27, 4.990530604835539e+26, 7.754559971564347e+26]
[2023-05-22 20:37:49,028][scr.models_trainer][INFO] - Validation metrics in 150 epochs : [1.9598195339993507, 1.9661353035453806, 1.955491464976054, 1.9512231654322698, 1.962522105817496, 1.967131667658308, 1.956470941287322, 15.057718010978125, 1.9540794477804948, 1.9704582937874144, 12.15839788392567, 1.9552939081488054, 1.9639306758889554, 1.962140381737832, 1.9576053937073516, 1.960826127107725, 1.9645937665582562, 1.9631442446125003, 1.9756102760190652, 17.169611713415563, 1.9709715772254521, 2.0125898279481897, 1.9661260546714419, 1.9727154464804666, 1.9632689845477465, 1.9583873238558394, 1.966544966133476, 1.9608987873009096, 1.9595421281604068, 3.7652190987629517, 1.9700309874043878, 4.29162716419021, 1.9583545832998297, 1.9708005226290284, 1.9679946030813045, 1.961448396671423, 1.959357901845238, 1.9646019968613382, 1.9583102727910047, 1.9603338657739324, 1.9665198131743473, 1.9644793597742214, 1.9595680001000453, 3.606286573725241, 1.9644254386517654, 1.9528485232967898, 2.2182983458866916, 1.9598454349020376, 1.9586305255183407, 1.9597264329253998, 3.6226692502903473, 1.9736967428706507, 1.961560862534441, 4.090697878456578, 3.563897052092308, 1.9618316137675431, 3.558767754074763, 1.9653020542766124, 2.0236248609520757, 1.9568866723261393, 1.9627567986609606, 2.065215514802044, 1.975883916193656, 1.9754379437878424, 2.242524508033207, 4.110232509828013, 2.2401483895651797, 1.9530789973646867, 1.9632070858096835, 1.9568550489032732, 1.9807634599392485, 2.0432097700751655, 1.9628923242347331, 3.6126348288258376, 1.9614572527656176, 2.424208175483759, 1.953514155125504, 1.9695025308161054, 1.967520539330057, 1.9666721182805504, 5.356684526364701, 1.965949692048219, 1.9589142732390552, 1.9590125824926727, 2.1679960998834273, 2.1625243737741466, 3.5229632900493724, 4.137033777926517, 1.9563301200042542, 1.9595226487124742, 1.9684368888421218, 1.9678028541650043, 1.9617020091777866, 1.978603627396873, 1.9731841894158177, 1.9631222825858061, 1.964531400409389, 1.9648973659353948, 1.963979292243636, 1.9625019798576058, 2.004877738854387, 1.9695970499993136, 2.1275014223355893, 1.9729740738562762, 1.9667013371267357, 3.368257243721465, 3.699347811709191, 1.958780723316974, 1.9676610399501555, 1.9621129232076684, 2.2273733782917344, 3.8275216132263883, 1.964518676121404, 1.9578526290020617, 2.165960752851808, 1.9762302287468774, 1.9737186564938098, 6.506577811785536, 1.9608864348599087, 1.9597866876732482, 1.9631766053222481, 1.9719021593721415, 1.9596080684280694, 1.9638380304877492, 1.962015090488977, 1.9699693483826135, 1.9754710562918196, 16.70962102212975, 1.9597288829725341, 1.9674082719835082, 3.550287904163028, 2.00856202314011, 1.9762526964638896, 1.9709515020582915, 2.1970980609111033, 11.52519365991131, 1.962264121080649, 1.9638721568734092, 2.0552684585342904, 2.2452735290576853, 1.9671147645670772, 2.212553405349754, 1.960920354160445, 1.9731649593744465, 1.9652791539178256, 1.9603991223634512, 1.9672796653404765, 3.566409681844847, 1.9631076873246767, 2.422159803183038]
[2023-05-22 20:37:49,030][scr.models_trainer][INFO] - Test losses after 150 epochs : [6.516821982219112e+24, 1.4478321472184556e+25, 2.7591130998611636e+25, 3.976215874076317e+25, 3.193309676155201e+25, 2.9937349675330568e+25, 5.857277844239122e+25, 9.437397948880944e+25, 8.829549860782096e+25, 3.7076885478647837e+25, 3.3719944896865295e+26, 1.8073665304737277e+26, 6.152497934081819e+25, 6.64216648402402e+25, 1.4635172941971985e+26, 7.4541472723111695e+25, 1.70775816580059e+26, 9.334137036477031e+25, 5.334137980281958e+25, 6.961189847037353e+26, 8.345457226022744e+25, 1.5202246743751958e+26, 1.3548524871323074e+26, 7.227610487047103e+25, 1.931709274419006e+26, 1.1734713690386932e+26, 1.0209132414516297e+26, 2.7021693855891434e+26, 2.217141880501559e+26, 4.476659480907202e+26, 1.0483390443215838e+26, 1.0477282473850003e+27, 3.182456761764484e+26, 1.838832862048727e+26, 2.246282313687847e+26, 2.0604376643280992e+26, 1.8261271022603924e+26, 1.826173594006021e+26, 2.7073644841046368e+26, 2.3227337074479985e+26, 1.7819330086918284e+26, 2.3522292002914075e+26, 2.1804836741283575e+26, 2.1723321033448131e+27, 2.0380122620281438e+26, 4.052672098980476e+26, 3.0213917690118537e+26, 2.5278201099300525e+26, 2.698096558469982e+26, 3.5944732835912636e+26, 8.675886672437363e+26, 2.467826796601739e+26, 7.048318536234078e+26, 6.612159472637112e+26, 5.0947754232911906e+26, 3.300297483145938e+26, 8.081050588266166e+26, 2.2216965814530855e+26, 4.225385226293423e+26, 4.677748427087803e+26, 3.219134115064625e+26, 6.859323513242766e+26, 1.814802126886955e+26, 2.4654705205909318e+26, 4.593199977582059e+26, 1.0751968392134141e+27, 1.7339981356455208e+27, 7.524193335191018e+26, 2.502260579034442e+26, 7.822599128767072e+26, 2.0665297952798028e+26, 1.2233066326265916e+27, 4.4615567772276415e+26, 1.1213755831164891e+27, 5.700743736674865e+26, 7.185634682884873e+26, 4.816029819333493e+26, 3.0920612529964383e+26, 4.283635901494865e+26, 4.0654909075571697e+26, 1.4543558047882082e+27, 1.1560518720502318e+27, 5.725000977026894e+26, 6.802301619301533e+26, 1.2121176817587848e+27, 1.2815688823665312e+27, 1.334995712173968e+27, 9.853723207462939e+26, 5.91918975023539e+26, 6.540707242721697e+26, 2.999294373127899e+26, 4.039940465154177e+26, 5.984183808770453e+26, 2.2619299180712384e+26, 3.396263164308038e+26, 5.4277569365821114e+26, 5.680341002010904e+26, 4.3988911664014855e+26, 5.2800575758855466e+26, 4.0250580188220775e+26, 5.684641126488969e+26, 4.013695763669803e+26, 6.046801591949676e+26, 3.0415243486294543e+26, 3.763330882215255e+26, 8.64394753841475e+26, 1.13306704719429e+27, 4.826200949005569e+26, 4.019124886407284e+26, 1.4902617196149336e+27, 6.602473979412517e+26, 9.961721137456152e+26, 4.7640963403618305e+26, 6.591705915705586e+26, 3.2804724586540754e+27, 7.190977373204644e+26, 3.80260860806716e+26, 3.0965157515316843e+27, 7.831626185793044e+26, 9.059217264057822e+26, 7.24445129080573e+26, 3.650731595388534e+26, 7.564708804842173e+26, 5.086885142405839e+26, 5.200184834253351e+26, 3.928109970188978e+26, 3.813719909150957e+26, 2.527283312652789e+27, 1.2139250376094862e+27, 5.24048851048853e+26, 1.1036836152962595e+27, 8.005544366001934e+26, 3.668865837732989e+26, 3.8863679477633086e+26, 2.6772061289349643e+27, 1.6394124963851019e+27, 7.079114976281562e+26, 5.0911699759215306e+26, 1.24453191385689e+27, 2.787620653858174e+27, 6.36374474476678e+26, 1.6036858301891246e+27, 7.803677383016985e+26, 3.1420923406985984e+26, 8.267735300367509e+26, 8.548902106800621e+26, 5.792159070217865e+26, 1.134062795745006e+27, 8.865511410245128e+26, 1.0950395228923899e+27]
[2023-05-22 20:37:49,031][scr.models_trainer][INFO] - Test metrics in 150 epochs : [3.8893124252649955, 3.895108710196513, 3.8812285960085746, 3.875420768917536, 3.8959724569914425, 3.9032779709256493, 3.8843303702413845, 13.31979747539691, 3.8801134094681813, 3.9075988113539255, 14.629215598627217, 3.879945842368769, 3.8990318023525337, 3.896458733999737, 3.8855396963247184, 3.894129600217103, 3.882239586432697, 3.897459703646113, 3.912312701389334, 13.170202840561856, 3.907962206461496, 3.8859007688736145, 3.8944857551055, 3.911973218791906, 3.8945048683726537, 3.88860570624025, 3.900603020542724, 3.890955452862057, 3.8884891030309334, 3.8651260152867963, 3.9083667390124837, 3.860752563986346, 3.886766705537794, 3.90243759533958, 3.889911663041762, 3.8929988376018074, 3.8898559471433747, 3.8980278461610927, 3.8877012106556115, 3.890317486759971, 3.900275901661811, 3.892714471042391, 3.8905221871367477, 3.866315828910212, 3.8986551962569953, 3.8766952620023285, 3.8870772314311584, 3.88980074487069, 3.880120471816187, 3.8895149817834422, 3.87609083114693, 3.9058851580717824, 3.872163826186487, 3.863386862607668, 3.8731392095936115, 3.892623359112727, 3.871388269964323, 3.9016670944244103, 3.888622425770361, 3.8839263545311185, 3.8955235248527758, 3.877559952928792, 3.916482051347209, 3.9069899872012046, 3.872011992860207, 3.8658600504039793, 3.8692241594340264, 3.8760138669597595, 3.8961970603002998, 3.8825430819086346, 3.9176066664395615, 3.873827359486444, 3.8953670996901284, 3.865021971772057, 3.8919528744018734, 3.8729005374901284, 3.8789596741782293, 3.9066635806092416, 3.890023593366334, 3.89862095237339, 3.863009438639192, 3.8818934263824305, 3.887360760422691, 3.88806158459543, 3.880064051035868, 3.8738244487497235, 3.8788154241940886, 3.869447217686253, 3.8826306743619923, 3.889303881685986, 3.905573863872628, 3.8991261918371594, 3.89307303195797, 3.9175762628183737, 3.910313161770944, 3.8941206611933348, 3.8885112013313283, 3.8993526390388524, 3.8791432593396973, 3.8966475103292497, 3.8860813301606076, 3.905427043959431, 3.8877019768529095, 3.9083652211793862, 3.9025216940228327, 3.8747529951364563, 3.8681404517907954, 3.8892777629296815, 3.903427794825941, 3.87521673966526, 3.8870662627360457, 3.8775269869843436, 3.8985330549429147, 3.8868771130354767, 3.8754945584874947, 3.8832159666006536, 3.910149369224751, 3.85635549861148, 3.890689565495906, 3.88905286251891, 3.893648529740983, 3.9080110797382317, 3.8901345361289406, 3.8978302011083628, 3.8943734304843525, 3.9073534490726387, 3.911931375979318, 13.172726991096143, 3.8870203366240275, 3.9030985334920176, 3.8745269757405145, 3.8859421120330566, 3.914183113011994, 3.90823722016969, 3.8664447457257465, 14.151666509814584, 3.8940709727702796, 3.8979308443532026, 3.8858256956565125, 3.8624510195964543, 3.902557170924791, 3.8800691864596066, 3.891313080472198, 3.916020262005713, 3.8972560070282714, 3.8914733133926505, 3.903882746356974, 3.8826151395376227, 3.894955109908176, 3.8792665041248156]
